CRITICAL - 2021-07-19 11:18:53 --> Unable to connect to the database.
#0 C:\Users\NormanA\Downloads\jss-fix\system\Database\BaseConnection.php(618): CodeIgniter\Database\BaseConnection->initialize()
#1 C:\Users\NormanA\Downloads\jss-fix\system\Database\BaseBuilder.php(1866): CodeIgniter\Database\BaseConnection->query('SELECT COUNT(`s...', Array, false)
#2 C:\Users\NormanA\Downloads\jss-fix\system\Model.php(247): CodeIgniter\Database\BaseBuilder->get()
#3 C:\Users\NormanA\Downloads\jss-fix\system\BaseModel.php(624): CodeIgniter\Model->doFirst()
#4 C:\Users\NormanA\Downloads\jss-fix\app\Controllers\Home.php(9): CodeIgniter\BaseModel->first()
#5 C:\Users\NormanA\Downloads\jss-fix\system\CodeIgniter.php(940): App\Controllers\Home->index()
#6 C:\Users\NormanA\Downloads\jss-fix\system\CodeIgniter.php(436): CodeIgniter\CodeIgniter->runController(Object(App\Controllers\Home))
#7 C:\Users\NormanA\Downloads\jss-fix\system\CodeIgniter.php(337): CodeIgniter\CodeIgniter->handleRequest(NULL, Object(Config\Cache), false)
#8 C:\Users\NormanA\Downloads\jss-fix\public\index.php(45): CodeIgniter\CodeIgniter->run()
#9 C:\Users\NormanA\Downloads\jss-fix\system\Commands\Server\rewrite.php(45): require_once('C:\\Users\\Norman...')
#10 {main}
CRITICAL - 2021-07-19 11:18:54 --> Uncaught ErrorException: print_r(): Property access is not allowed yet in C:\Users\NormanA\Downloads\jss-fix\app\Views\errors\html\error_exception.php:100
Stack trace:
#0 [internal function]: CodeIgniter\Debug\Exceptions->errorHandler(2, 'print_r(): Prop...', 'C:\\Users\\Norman...', 100, Array)
#1 C:\Users\NormanA\Downloads\jss-fix\app\Views\errors\html\error_exception.php(100): print_r(Object(App\Controllers\Home), true)
#2 C:\Users\NormanA\Downloads\jss-fix\system\Debug\Exceptions.php(281): include('C:\\Users\\Norman...')
#3 C:\Users\NormanA\Downloads\jss-fix\system\Debug\Exceptions.php(147): CodeIgniter\Debug\Exceptions->render(Object(CodeIgniter\Database\Exceptions\DatabaseException), 500)
#4 [internal function]: CodeIgniter\Debug\Exceptions->exceptionHandler(Object(CodeIgniter\Database\Exceptions\DatabaseException))
#5 {main}
  thrown
#0 [internal function]: CodeIgniter\Debug\Exceptions->shutdownHandler()
#1 {main}
CRITICAL - 2021-07-19 11:25:13 --> Unable to connect to the database.
#0 C:\Users\NormanA\Downloads\jss-fix\system\Database\BaseConnection.php(618): CodeIgniter\Database\BaseConnection->initialize()
#1 C:\Users\NormanA\Downloads\jss-fix\system\Database\BaseBuilder.php(1866): CodeIgniter\Database\BaseConnection->query('SELECT COUNT(`s...', Array, false)
#2 C:\Users\NormanA\Downloads\jss-fix\system\Model.php(247): CodeIgniter\Database\BaseBuilder->get()
#3 C:\Users\NormanA\Downloads\jss-fix\system\BaseModel.php(624): CodeIgniter\Model->doFirst()
#4 C:\Users\NormanA\Downloads\jss-fix\app\Controllers\Home.php(9): CodeIgniter\BaseModel->first()
#5 C:\Users\NormanA\Downloads\jss-fix\system\CodeIgniter.php(940): App\Controllers\Home->index()
#6 C:\Users\NormanA\Downloads\jss-fix\system\CodeIgniter.php(436): CodeIgniter\CodeIgniter->runController(Object(App\Controllers\Home))
#7 C:\Users\NormanA\Downloads\jss-fix\system\CodeIgniter.php(337): CodeIgniter\CodeIgniter->handleRequest(NULL, Object(Config\Cache), false)
#8 C:\Users\NormanA\Downloads\jss-fix\public\index.php(45): CodeIgniter\CodeIgniter->run()
#9 C:\Users\NormanA\Downloads\jss-fix\system\Commands\Server\rewrite.php(45): require_once('C:\\Users\\Norman...')
#10 {main}
CRITICAL - 2021-07-19 11:25:13 --> Uncaught ErrorException: print_r(): Property access is not allowed yet in C:\Users\NormanA\Downloads\jss-fix\app\Views\errors\html\error_exception.php:100
Stack trace:
#0 [internal function]: CodeIgniter\Debug\Exceptions->errorHandler(2, 'print_r(): Prop...', 'C:\\Users\\Norman...', 100, Array)
#1 C:\Users\NormanA\Downloads\jss-fix\app\Views\errors\html\error_exception.php(100): print_r(Object(App\Controllers\Home), true)
#2 C:\Users\NormanA\Downloads\jss-fix\system\Debug\Exceptions.php(281): include('C:\\Users\\Norman...')
#3 C:\Users\NormanA\Downloads\jss-fix\system\Debug\Exceptions.php(147): CodeIgniter\Debug\Exceptions->render(Object(CodeIgniter\Database\Exceptions\DatabaseException), 500)
#4 [internal function]: CodeIgniter\Debug\Exceptions->exceptionHandler(Object(CodeIgniter\Database\Exceptions\DatabaseException))
#5 {main}
  thrown
#0 [internal function]: CodeIgniter\Debug\Exceptions->shutdownHandler()
#1 {main}
CRITICAL - 2021-07-19 11:25:15 --> Unable to connect to the database.
#0 C:\Users\NormanA\Downloads\jss-fix\system\Database\BaseConnection.php(618): CodeIgniter\Database\BaseConnection->initialize()
#1 C:\Users\NormanA\Downloads\jss-fix\system\Database\BaseBuilder.php(1866): CodeIgniter\Database\BaseConnection->query('SELECT COUNT(`s...', Array, false)
#2 C:\Users\NormanA\Downloads\jss-fix\system\Model.php(247): CodeIgniter\Database\BaseBuilder->get()
#3 C:\Users\NormanA\Downloads\jss-fix\system\BaseModel.php(624): CodeIgniter\Model->doFirst()
#4 C:\Users\NormanA\Downloads\jss-fix\app\Controllers\Home.php(9): CodeIgniter\BaseModel->first()
#5 C:\Users\NormanA\Downloads\jss-fix\system\CodeIgniter.php(940): App\Controllers\Home->index()
#6 C:\Users\NormanA\Downloads\jss-fix\system\CodeIgniter.php(436): CodeIgniter\CodeIgniter->runController(Object(App\Controllers\Home))
#7 C:\Users\NormanA\Downloads\jss-fix\system\CodeIgniter.php(337): CodeIgniter\CodeIgniter->handleRequest(NULL, Object(Config\Cache), false)
#8 C:\Users\NormanA\Downloads\jss-fix\public\index.php(45): CodeIgniter\CodeIgniter->run()
#9 C:\Users\NormanA\Downloads\jss-fix\system\Commands\Server\rewrite.php(45): require_once('C:\\Users\\Norman...')
#10 {main}
CRITICAL - 2021-07-19 11:25:15 --> Uncaught ErrorException: print_r(): Property access is not allowed yet in C:\Users\NormanA\Downloads\jss-fix\app\Views\errors\html\error_exception.php:100
Stack trace:
#0 [internal function]: CodeIgniter\Debug\Exceptions->errorHandler(2, 'print_r(): Prop...', 'C:\\Users\\Norman...', 100, Array)
#1 C:\Users\NormanA\Downloads\jss-fix\app\Views\errors\html\error_exception.php(100): print_r(Object(App\Controllers\Home), true)
#2 C:\Users\NormanA\Downloads\jss-fix\system\Debug\Exceptions.php(281): include('C:\\Users\\Norman...')
#3 C:\Users\NormanA\Downloads\jss-fix\system\Debug\Exceptions.php(147): CodeIgniter\Debug\Exceptions->render(Object(CodeIgniter\Database\Exceptions\DatabaseException), 500)
#4 [internal function]: CodeIgniter\Debug\Exceptions->exceptionHandler(Object(CodeIgniter\Database\Exceptions\DatabaseException))
#5 {main}
  thrown
#0 [internal function]: CodeIgniter\Debug\Exceptions->shutdownHandler()
#1 {main}
CRITICAL - 2021-07-19 11:25:33 --> Unable to connect to the database.
#0 C:\Users\NormanA\Downloads\jss-fix\system\Database\BaseConnection.php(618): CodeIgniter\Database\BaseConnection->initialize()
#1 C:\Users\NormanA\Downloads\jss-fix\system\Database\BaseBuilder.php(1866): CodeIgniter\Database\BaseConnection->query('SELECT COUNT(`s...', Array, false)
#2 C:\Users\NormanA\Downloads\jss-fix\system\Model.php(247): CodeIgniter\Database\BaseBuilder->get()
#3 C:\Users\NormanA\Downloads\jss-fix\system\BaseModel.php(624): CodeIgniter\Model->doFirst()
#4 C:\Users\NormanA\Downloads\jss-fix\app\Controllers\Home.php(9): CodeIgniter\BaseModel->first()
#5 C:\Users\NormanA\Downloads\jss-fix\system\CodeIgniter.php(940): App\Controllers\Home->index()
#6 C:\Users\NormanA\Downloads\jss-fix\system\CodeIgniter.php(436): CodeIgniter\CodeIgniter->runController(Object(App\Controllers\Home))
#7 C:\Users\NormanA\Downloads\jss-fix\system\CodeIgniter.php(337): CodeIgniter\CodeIgniter->handleRequest(NULL, Object(Config\Cache), false)
#8 C:\Users\NormanA\Downloads\jss-fix\public\index.php(45): CodeIgniter\CodeIgniter->run()
#9 C:\Users\NormanA\Downloads\jss-fix\system\Commands\Server\rewrite.php(45): require_once('C:\\Users\\Norman...')
#10 {main}
CRITICAL - 2021-07-19 11:26:54 --> Unable to connect to the database.
#0 C:\Users\NormanA\Downloads\jss-fix\system\Database\BaseConnection.php(618): CodeIgniter\Database\BaseConnection->initialize()
#1 C:\Users\NormanA\Downloads\jss-fix\system\Database\BaseBuilder.php(1866): CodeIgniter\Database\BaseConnection->query('SELECT COUNT(`s...', Array, false)
#2 C:\Users\NormanA\Downloads\jss-fix\system\Model.php(247): CodeIgniter\Database\BaseBuilder->get()
#3 C:\Users\NormanA\Downloads\jss-fix\system\BaseModel.php(624): CodeIgniter\Model->doFirst()
#4 C:\Users\NormanA\Downloads\jss-fix\app\Controllers\Home.php(9): CodeIgniter\BaseModel->first()
#5 C:\Users\NormanA\Downloads\jss-fix\system\CodeIgniter.php(940): App\Controllers\Home->index()
#6 C:\Users\NormanA\Downloads\jss-fix\system\CodeIgniter.php(436): CodeIgniter\CodeIgniter->runController(Object(App\Controllers\Home))
#7 C:\Users\NormanA\Downloads\jss-fix\system\CodeIgniter.php(337): CodeIgniter\CodeIgniter->handleRequest(NULL, Object(Config\Cache), false)
#8 C:\Users\NormanA\Downloads\jss-fix\public\index.php(45): CodeIgniter\CodeIgniter->run()
#9 C:\Users\NormanA\Downloads\jss-fix\system\Commands\Server\rewrite.php(45): require_once('C:\\Users\\Norman...')
#10 {main}
CRITICAL - 2021-07-19 11:26:57 --> Unable to connect to the database.
#0 C:\Users\NormanA\Downloads\jss-fix\system\Database\BaseConnection.php(618): CodeIgniter\Database\BaseConnection->initialize()
#1 C:\Users\NormanA\Downloads\jss-fix\system\Database\BaseBuilder.php(1866): CodeIgniter\Database\BaseConnection->query('SELECT COUNT(`s...', Array, false)
#2 C:\Users\NormanA\Downloads\jss-fix\system\Model.php(247): CodeIgniter\Database\BaseBuilder->get()
#3 C:\Users\NormanA\Downloads\jss-fix\system\BaseModel.php(624): CodeIgniter\Model->doFirst()
#4 C:\Users\NormanA\Downloads\jss-fix\app\Controllers\Home.php(9): CodeIgniter\BaseModel->first()
#5 C:\Users\NormanA\Downloads\jss-fix\system\CodeIgniter.php(940): App\Controllers\Home->index()
#6 C:\Users\NormanA\Downloads\jss-fix\system\CodeIgniter.php(436): CodeIgniter\CodeIgniter->runController(Object(App\Controllers\Home))
#7 C:\Users\NormanA\Downloads\jss-fix\system\CodeIgniter.php(337): CodeIgniter\CodeIgniter->handleRequest(NULL, Object(Config\Cache), false)
#8 C:\Users\NormanA\Downloads\jss-fix\public\index.php(45): CodeIgniter\CodeIgniter->run()
#9 C:\Users\NormanA\Downloads\jss-fix\system\Commands\Server\rewrite.php(45): require_once('C:\\Users\\Norman...')
#10 {main}
CRITICAL - 2021-07-19 11:27:12 --> Unable to connect to the database.
#0 C:\Users\NormanA\Downloads\jss-fix\system\Database\BaseConnection.php(618): CodeIgniter\Database\BaseConnection->initialize()
#1 C:\Users\NormanA\Downloads\jss-fix\system\Database\BaseBuilder.php(1866): CodeIgniter\Database\BaseConnection->query('SELECT COUNT(`s...', Array, false)
#2 C:\Users\NormanA\Downloads\jss-fix\system\Model.php(247): CodeIgniter\Database\BaseBuilder->get()
#3 C:\Users\NormanA\Downloads\jss-fix\system\BaseModel.php(624): CodeIgniter\Model->doFirst()
#4 C:\Users\NormanA\Downloads\jss-fix\app\Controllers\Home.php(9): CodeIgniter\BaseModel->first()
#5 C:\Users\NormanA\Downloads\jss-fix\system\CodeIgniter.php(940): App\Controllers\Home->index()
#6 C:\Users\NormanA\Downloads\jss-fix\system\CodeIgniter.php(436): CodeIgniter\CodeIgniter->runController(Object(App\Controllers\Home))
#7 C:\Users\NormanA\Downloads\jss-fix\system\CodeIgniter.php(337): CodeIgniter\CodeIgniter->handleRequest(NULL, Object(Config\Cache), false)
#8 C:\Users\NormanA\Downloads\jss-fix\public\index.php(45): CodeIgniter\CodeIgniter->run()
#9 C:\Users\NormanA\Downloads\jss-fix\system\Commands\Server\rewrite.php(45): require_once('C:\\Users\\Norman...')
#10 {main}
CRITICAL - 2021-07-19 11:28:08 --> Unable to connect to the database.
#0 C:\Users\NormanA\Downloads\jss-fix\system\Database\BaseConnection.php(618): CodeIgniter\Database\BaseConnection->initialize()
#1 C:\Users\NormanA\Downloads\jss-fix\system\Database\BaseBuilder.php(1866): CodeIgniter\Database\BaseConnection->query('SELECT COUNT(`s...', Array, false)
#2 C:\Users\NormanA\Downloads\jss-fix\system\Model.php(247): CodeIgniter\Database\BaseBuilder->get()
#3 C:\Users\NormanA\Downloads\jss-fix\system\BaseModel.php(624): CodeIgniter\Model->doFirst()
#4 C:\Users\NormanA\Downloads\jss-fix\app\Controllers\Home.php(9): CodeIgniter\BaseModel->first()
#5 C:\Users\NormanA\Downloads\jss-fix\system\CodeIgniter.php(940): App\Controllers\Home->index()
#6 C:\Users\NormanA\Downloads\jss-fix\system\CodeIgniter.php(436): CodeIgniter\CodeIgniter->runController(Object(App\Controllers\Home))
#7 C:\Users\NormanA\Downloads\jss-fix\system\CodeIgniter.php(337): CodeIgniter\CodeIgniter->handleRequest(NULL, Object(Config\Cache), false)
#8 C:\Users\NormanA\Downloads\jss-fix\public\index.php(45): CodeIgniter\CodeIgniter->run()
#9 C:\Users\NormanA\Downloads\jss-fix\system\Commands\Server\rewrite.php(45): require_once('C:\\Users\\Norman...')
#10 {main}
