CRITICAL - 2021-07-11 06:36:15 --> Unable to connect to the database.
#0 /opt/lampp/htdocs/jss-fix/system/Database/BaseConnection.php(618): CodeIgniter\Database\BaseConnection->initialize()
#1 /opt/lampp/htdocs/jss-fix/system/Database/BaseBuilder.php(1866): CodeIgniter\Database\BaseConnection->query()
#2 /opt/lampp/htdocs/jss-fix/system/Model.php(247): CodeIgniter\Database\BaseBuilder->get()
#3 /opt/lampp/htdocs/jss-fix/system/BaseModel.php(624): CodeIgniter\Model->doFirst()
#4 /opt/lampp/htdocs/jss-fix/app/Controllers/Home.php(9): CodeIgniter\BaseModel->first()
#5 /opt/lampp/htdocs/jss-fix/system/CodeIgniter.php(936): App\Controllers\Home->index()
#6 /opt/lampp/htdocs/jss-fix/system/CodeIgniter.php(432): CodeIgniter\CodeIgniter->runController()
#7 /opt/lampp/htdocs/jss-fix/system/CodeIgniter.php(333): CodeIgniter\CodeIgniter->handleRequest()
#8 /opt/lampp/htdocs/jss-fix/public/index.php(45): CodeIgniter\CodeIgniter->run()
#9 /opt/lampp/htdocs/jss-fix/system/Commands/Server/rewrite.php(45): require_once('...')
#10 {main}
CRITICAL - 2021-07-11 06:37:27 --> Unable to connect to the database.
#0 /opt/lampp/htdocs/jss-fix/system/Database/BaseConnection.php(618): CodeIgniter\Database\BaseConnection->initialize()
#1 /opt/lampp/htdocs/jss-fix/system/Database/BaseBuilder.php(1866): CodeIgniter\Database\BaseConnection->query()
#2 /opt/lampp/htdocs/jss-fix/system/Model.php(247): CodeIgniter\Database\BaseBuilder->get()
#3 /opt/lampp/htdocs/jss-fix/system/BaseModel.php(624): CodeIgniter\Model->doFirst()
#4 /opt/lampp/htdocs/jss-fix/app/Controllers/Home.php(9): CodeIgniter\BaseModel->first()
#5 /opt/lampp/htdocs/jss-fix/system/CodeIgniter.php(936): App\Controllers\Home->index()
#6 /opt/lampp/htdocs/jss-fix/system/CodeIgniter.php(432): CodeIgniter\CodeIgniter->runController()
#7 /opt/lampp/htdocs/jss-fix/system/CodeIgniter.php(333): CodeIgniter\CodeIgniter->handleRequest()
#8 /opt/lampp/htdocs/jss-fix/public/index.php(45): CodeIgniter\CodeIgniter->run()
#9 /opt/lampp/htdocs/jss-fix/system/Commands/Server/rewrite.php(45): require_once('...')
#10 {main}
CRITICAL - 2021-07-11 06:37:46 --> Unable to connect to the database.
#0 /opt/lampp/htdocs/jss-fix/system/Database/BaseConnection.php(618): CodeIgniter\Database\BaseConnection->initialize()
#1 /opt/lampp/htdocs/jss-fix/system/Database/BaseBuilder.php(1866): CodeIgniter\Database\BaseConnection->query()
#2 /opt/lampp/htdocs/jss-fix/system/Model.php(247): CodeIgniter\Database\BaseBuilder->get()
#3 /opt/lampp/htdocs/jss-fix/system/BaseModel.php(624): CodeIgniter\Model->doFirst()
#4 /opt/lampp/htdocs/jss-fix/app/Controllers/Home.php(9): CodeIgniter\BaseModel->first()
#5 /opt/lampp/htdocs/jss-fix/system/CodeIgniter.php(936): App\Controllers\Home->index()
#6 /opt/lampp/htdocs/jss-fix/system/CodeIgniter.php(432): CodeIgniter\CodeIgniter->runController()
#7 /opt/lampp/htdocs/jss-fix/system/CodeIgniter.php(333): CodeIgniter\CodeIgniter->handleRequest()
#8 /opt/lampp/htdocs/jss-fix/public/index.php(45): CodeIgniter\CodeIgniter->run()
#9 /opt/lampp/htdocs/jss-fix/system/Commands/Server/rewrite.php(45): require_once('...')
#10 {main}
CRITICAL - 2021-07-11 06:37:52 --> Unable to connect to the database.
#0 /opt/lampp/htdocs/jss-fix/system/Database/BaseConnection.php(618): CodeIgniter\Database\BaseConnection->initialize()
#1 /opt/lampp/htdocs/jss-fix/system/Database/BaseBuilder.php(1866): CodeIgniter\Database\BaseConnection->query()
#2 /opt/lampp/htdocs/jss-fix/system/Model.php(247): CodeIgniter\Database\BaseBuilder->get()
#3 /opt/lampp/htdocs/jss-fix/system/BaseModel.php(624): CodeIgniter\Model->doFirst()
#4 /opt/lampp/htdocs/jss-fix/app/Controllers/Home.php(9): CodeIgniter\BaseModel->first()
#5 /opt/lampp/htdocs/jss-fix/system/CodeIgniter.php(936): App\Controllers\Home->index()
#6 /opt/lampp/htdocs/jss-fix/system/CodeIgniter.php(432): CodeIgniter\CodeIgniter->runController()
#7 /opt/lampp/htdocs/jss-fix/system/CodeIgniter.php(333): CodeIgniter\CodeIgniter->handleRequest()
#8 /opt/lampp/htdocs/jss-fix/public/index.php(45): CodeIgniter\CodeIgniter->run()
#9 /opt/lampp/htdocs/jss-fix/system/Commands/Server/rewrite.php(45): require_once('...')
#10 {main}
CRITICAL - 2021-07-11 06:39:50 --> Unable to connect to the database.
#0 /opt/lampp/htdocs/jss-fix/system/Database/BaseConnection.php(618): CodeIgniter\Database\BaseConnection->initialize()
#1 /opt/lampp/htdocs/jss-fix/system/Database/BaseBuilder.php(1866): CodeIgniter\Database\BaseConnection->query()
#2 /opt/lampp/htdocs/jss-fix/system/Model.php(247): CodeIgniter\Database\BaseBuilder->get()
#3 /opt/lampp/htdocs/jss-fix/system/BaseModel.php(624): CodeIgniter\Model->doFirst()
#4 /opt/lampp/htdocs/jss-fix/app/Controllers/Home.php(9): CodeIgniter\BaseModel->first()
#5 /opt/lampp/htdocs/jss-fix/system/CodeIgniter.php(936): App\Controllers\Home->index()
#6 /opt/lampp/htdocs/jss-fix/system/CodeIgniter.php(432): CodeIgniter\CodeIgniter->runController()
#7 /opt/lampp/htdocs/jss-fix/system/CodeIgniter.php(333): CodeIgniter\CodeIgniter->handleRequest()
#8 /opt/lampp/htdocs/jss-fix/public/index.php(45): CodeIgniter\CodeIgniter->run()
#9 /opt/lampp/htdocs/jss-fix/system/Commands/Server/rewrite.php(45): require_once('...')
#10 {main}
CRITICAL - 2021-07-11 06:43:59 --> Unable to connect to the database.
#0 /opt/lampp/htdocs/jss-fix/system/Database/BaseConnection.php(618): CodeIgniter\Database\BaseConnection->initialize()
#1 /opt/lampp/htdocs/jss-fix/system/Database/BaseBuilder.php(1866): CodeIgniter\Database\BaseConnection->query()
#2 /opt/lampp/htdocs/jss-fix/system/Model.php(247): CodeIgniter\Database\BaseBuilder->get()
#3 /opt/lampp/htdocs/jss-fix/system/BaseModel.php(624): CodeIgniter\Model->doFirst()
#4 /opt/lampp/htdocs/jss-fix/app/Controllers/Home.php(9): CodeIgniter\BaseModel->first()
#5 /opt/lampp/htdocs/jss-fix/system/CodeIgniter.php(936): App\Controllers\Home->index()
#6 /opt/lampp/htdocs/jss-fix/system/CodeIgniter.php(432): CodeIgniter\CodeIgniter->runController()
#7 /opt/lampp/htdocs/jss-fix/system/CodeIgniter.php(333): CodeIgniter\CodeIgniter->handleRequest()
#8 /opt/lampp/htdocs/jss-fix/public/index.php(45): CodeIgniter\CodeIgniter->run()
#9 /opt/lampp/htdocs/jss-fix/system/Commands/Server/rewrite.php(45): require_once('...')
#10 {main}
CRITICAL - 2021-07-11 06:44:03 --> Unable to connect to the database.
#0 /opt/lampp/htdocs/jss-fix/system/Database/BaseConnection.php(618): CodeIgniter\Database\BaseConnection->initialize()
#1 /opt/lampp/htdocs/jss-fix/system/Database/BaseBuilder.php(1866): CodeIgniter\Database\BaseConnection->query()
#2 /opt/lampp/htdocs/jss-fix/system/Model.php(247): CodeIgniter\Database\BaseBuilder->get()
#3 /opt/lampp/htdocs/jss-fix/system/BaseModel.php(624): CodeIgniter\Model->doFirst()
#4 /opt/lampp/htdocs/jss-fix/app/Controllers/Home.php(9): CodeIgniter\BaseModel->first()
#5 /opt/lampp/htdocs/jss-fix/system/CodeIgniter.php(936): App\Controllers\Home->index()
#6 /opt/lampp/htdocs/jss-fix/system/CodeIgniter.php(432): CodeIgniter\CodeIgniter->runController()
#7 /opt/lampp/htdocs/jss-fix/system/CodeIgniter.php(333): CodeIgniter\CodeIgniter->handleRequest()
#8 /opt/lampp/htdocs/jss-fix/public/index.php(45): CodeIgniter\CodeIgniter->run()
#9 /opt/lampp/htdocs/jss-fix/system/Commands/Server/rewrite.php(45): require_once('...')
#10 {main}
CRITICAL - 2021-07-11 06:44:36 --> Unable to connect to the database.
#0 /opt/lampp/htdocs/jss-fix/system/Database/BaseConnection.php(618): CodeIgniter\Database\BaseConnection->initialize()
#1 /opt/lampp/htdocs/jss-fix/system/Database/BaseBuilder.php(1866): CodeIgniter\Database\BaseConnection->query()
#2 /opt/lampp/htdocs/jss-fix/system/Model.php(247): CodeIgniter\Database\BaseBuilder->get()
#3 /opt/lampp/htdocs/jss-fix/system/BaseModel.php(624): CodeIgniter\Model->doFirst()
#4 /opt/lampp/htdocs/jss-fix/app/Controllers/Home.php(9): CodeIgniter\BaseModel->first()
#5 /opt/lampp/htdocs/jss-fix/system/CodeIgniter.php(936): App\Controllers\Home->index()
#6 /opt/lampp/htdocs/jss-fix/system/CodeIgniter.php(432): CodeIgniter\CodeIgniter->runController()
#7 /opt/lampp/htdocs/jss-fix/system/CodeIgniter.php(333): CodeIgniter\CodeIgniter->handleRequest()
#8 /opt/lampp/htdocs/jss-fix/public/index.php(45): CodeIgniter\CodeIgniter->run()
#9 /opt/lampp/htdocs/jss-fix/system/Commands/Server/rewrite.php(45): require_once('...')
#10 {main}
CRITICAL - 2021-07-11 06:44:44 --> Unable to connect to the database.
#0 /opt/lampp/htdocs/jss-fix/system/Database/BaseConnection.php(618): CodeIgniter\Database\BaseConnection->initialize()
#1 /opt/lampp/htdocs/jss-fix/system/Database/BaseBuilder.php(1866): CodeIgniter\Database\BaseConnection->query()
#2 /opt/lampp/htdocs/jss-fix/system/Model.php(247): CodeIgniter\Database\BaseBuilder->get()
#3 /opt/lampp/htdocs/jss-fix/system/BaseModel.php(624): CodeIgniter\Model->doFirst()
#4 /opt/lampp/htdocs/jss-fix/app/Controllers/Home.php(9): CodeIgniter\BaseModel->first()
#5 /opt/lampp/htdocs/jss-fix/system/CodeIgniter.php(936): App\Controllers\Home->index()
#6 /opt/lampp/htdocs/jss-fix/system/CodeIgniter.php(432): CodeIgniter\CodeIgniter->runController()
#7 /opt/lampp/htdocs/jss-fix/system/CodeIgniter.php(333): CodeIgniter\CodeIgniter->handleRequest()
#8 /opt/lampp/htdocs/jss-fix/public/index.php(45): CodeIgniter\CodeIgniter->run()
#9 /opt/lampp/htdocs/jss-fix/system/Commands/Server/rewrite.php(45): require_once('...')
#10 {main}
CRITICAL - 2021-07-11 06:45:17 --> Unable to connect to the database.
#0 /opt/lampp/htdocs/jss-fix/system/Database/BaseConnection.php(618): CodeIgniter\Database\BaseConnection->initialize()
#1 /opt/lampp/htdocs/jss-fix/system/Database/BaseBuilder.php(1866): CodeIgniter\Database\BaseConnection->query()
#2 /opt/lampp/htdocs/jss-fix/system/Model.php(247): CodeIgniter\Database\BaseBuilder->get()
#3 /opt/lampp/htdocs/jss-fix/system/BaseModel.php(624): CodeIgniter\Model->doFirst()
#4 /opt/lampp/htdocs/jss-fix/app/Controllers/Home.php(9): CodeIgniter\BaseModel->first()
#5 /opt/lampp/htdocs/jss-fix/system/CodeIgniter.php(936): App\Controllers\Home->index()
#6 /opt/lampp/htdocs/jss-fix/system/CodeIgniter.php(432): CodeIgniter\CodeIgniter->runController()
#7 /opt/lampp/htdocs/jss-fix/system/CodeIgniter.php(333): CodeIgniter\CodeIgniter->handleRequest()
#8 /opt/lampp/htdocs/jss-fix/public/index.php(45): CodeIgniter\CodeIgniter->run()
#9 /opt/lampp/htdocs/jss-fix/system/Commands/Server/rewrite.php(45): require_once('...')
#10 {main}
CRITICAL - 2021-07-11 06:46:36 --> Unable to connect to the database.
#0 /opt/lampp/htdocs/jss-fix/system/Database/BaseConnection.php(618): CodeIgniter\Database\BaseConnection->initialize()
#1 /opt/lampp/htdocs/jss-fix/system/Database/BaseBuilder.php(1866): CodeIgniter\Database\BaseConnection->query()
#2 /opt/lampp/htdocs/jss-fix/system/Model.php(247): CodeIgniter\Database\BaseBuilder->get()
#3 /opt/lampp/htdocs/jss-fix/system/BaseModel.php(624): CodeIgniter\Model->doFirst()
#4 /opt/lampp/htdocs/jss-fix/app/Controllers/Home.php(9): CodeIgniter\BaseModel->first()
#5 /opt/lampp/htdocs/jss-fix/system/CodeIgniter.php(936): App\Controllers\Home->index()
#6 /opt/lampp/htdocs/jss-fix/system/CodeIgniter.php(432): CodeIgniter\CodeIgniter->runController()
#7 /opt/lampp/htdocs/jss-fix/system/CodeIgniter.php(333): CodeIgniter\CodeIgniter->handleRequest()
#8 /opt/lampp/htdocs/jss-fix/public/index.php(45): CodeIgniter\CodeIgniter->run()
#9 /opt/lampp/htdocs/jss-fix/system/Commands/Server/rewrite.php(45): require_once('...')
#10 {main}
CRITICAL - 2021-07-11 06:50:06 --> Unable to connect to the database.
#0 /opt/lampp/htdocs/jss-fix/system/Database/BaseConnection.php(618): CodeIgniter\Database\BaseConnection->initialize()
#1 /opt/lampp/htdocs/jss-fix/system/Database/BaseBuilder.php(1866): CodeIgniter\Database\BaseConnection->query()
#2 /opt/lampp/htdocs/jss-fix/system/Model.php(247): CodeIgniter\Database\BaseBuilder->get()
#3 /opt/lampp/htdocs/jss-fix/system/BaseModel.php(624): CodeIgniter\Model->doFirst()
#4 /opt/lampp/htdocs/jss-fix/app/Controllers/Home.php(9): CodeIgniter\BaseModel->first()
#5 /opt/lampp/htdocs/jss-fix/system/CodeIgniter.php(936): App\Controllers\Home->index()
#6 /opt/lampp/htdocs/jss-fix/system/CodeIgniter.php(432): CodeIgniter\CodeIgniter->runController()
#7 /opt/lampp/htdocs/jss-fix/system/CodeIgniter.php(333): CodeIgniter\CodeIgniter->handleRequest()
#8 /opt/lampp/htdocs/jss-fix/public/index.php(45): CodeIgniter\CodeIgniter->run()
#9 /opt/lampp/htdocs/jss-fix/system/Commands/Server/rewrite.php(45): require_once('...')
#10 {main}
CRITICAL - 2021-07-11 06:50:35 --> Unable to connect to the database.
#0 /opt/lampp/htdocs/jss-fix/system/Database/BaseConnection.php(618): CodeIgniter\Database\BaseConnection->initialize()
#1 /opt/lampp/htdocs/jss-fix/system/Database/BaseBuilder.php(1866): CodeIgniter\Database\BaseConnection->query()
#2 /opt/lampp/htdocs/jss-fix/system/Model.php(247): CodeIgniter\Database\BaseBuilder->get()
#3 /opt/lampp/htdocs/jss-fix/system/BaseModel.php(624): CodeIgniter\Model->doFirst()
#4 /opt/lampp/htdocs/jss-fix/app/Controllers/Home.php(9): CodeIgniter\BaseModel->first()
#5 /opt/lampp/htdocs/jss-fix/system/CodeIgniter.php(936): App\Controllers\Home->index()
#6 /opt/lampp/htdocs/jss-fix/system/CodeIgniter.php(432): CodeIgniter\CodeIgniter->runController()
#7 /opt/lampp/htdocs/jss-fix/system/CodeIgniter.php(333): CodeIgniter\CodeIgniter->handleRequest()
#8 /opt/lampp/htdocs/jss-fix/public/index.php(45): CodeIgniter\CodeIgniter->run()
#9 /opt/lampp/htdocs/jss-fix/system/Commands/Server/rewrite.php(45): require_once('...')
#10 {main}
CRITICAL - 2021-07-11 06:52:11 --> Unable to connect to the database.
#0 /opt/lampp/htdocs/jss-fix/system/Database/BaseConnection.php(618): CodeIgniter\Database\BaseConnection->initialize()
#1 /opt/lampp/htdocs/jss-fix/system/Database/BaseBuilder.php(1866): CodeIgniter\Database\BaseConnection->query()
#2 /opt/lampp/htdocs/jss-fix/system/Model.php(247): CodeIgniter\Database\BaseBuilder->get()
#3 /opt/lampp/htdocs/jss-fix/system/BaseModel.php(624): CodeIgniter\Model->doFirst()
#4 /opt/lampp/htdocs/jss-fix/app/Controllers/Home.php(9): CodeIgniter\BaseModel->first()
#5 /opt/lampp/htdocs/jss-fix/system/CodeIgniter.php(936): App\Controllers\Home->index()
#6 /opt/lampp/htdocs/jss-fix/system/CodeIgniter.php(432): CodeIgniter\CodeIgniter->runController()
#7 /opt/lampp/htdocs/jss-fix/system/CodeIgniter.php(333): CodeIgniter\CodeIgniter->handleRequest()
#8 /opt/lampp/htdocs/jss-fix/public/index.php(45): CodeIgniter\CodeIgniter->run()
#9 /opt/lampp/htdocs/jss-fix/system/Commands/Server/rewrite.php(45): require_once('...')
#10 {main}
CRITICAL - 2021-07-11 06:52:27 --> Unable to connect to the database.
#0 /opt/lampp/htdocs/jss-fix/system/Database/BaseConnection.php(618): CodeIgniter\Database\BaseConnection->initialize()
#1 /opt/lampp/htdocs/jss-fix/system/Database/BaseBuilder.php(1866): CodeIgniter\Database\BaseConnection->query()
#2 /opt/lampp/htdocs/jss-fix/system/Model.php(247): CodeIgniter\Database\BaseBuilder->get()
#3 /opt/lampp/htdocs/jss-fix/system/BaseModel.php(624): CodeIgniter\Model->doFirst()
#4 /opt/lampp/htdocs/jss-fix/app/Controllers/Home.php(9): CodeIgniter\BaseModel->first()
#5 /opt/lampp/htdocs/jss-fix/system/CodeIgniter.php(936): App\Controllers\Home->index()
#6 /opt/lampp/htdocs/jss-fix/system/CodeIgniter.php(432): CodeIgniter\CodeIgniter->runController()
#7 /opt/lampp/htdocs/jss-fix/system/CodeIgniter.php(333): CodeIgniter\CodeIgniter->handleRequest()
#8 /opt/lampp/htdocs/jss-fix/public/index.php(45): CodeIgniter\CodeIgniter->run()
#9 /opt/lampp/htdocs/jss-fix/system/Commands/Server/rewrite.php(45): require_once('...')
#10 {main}
CRITICAL - 2021-07-11 06:52:40 --> Unable to connect to the database.
#0 /opt/lampp/htdocs/jss-fix/system/Database/BaseConnection.php(618): CodeIgniter\Database\BaseConnection->initialize()
#1 /opt/lampp/htdocs/jss-fix/system/Database/BaseBuilder.php(1866): CodeIgniter\Database\BaseConnection->query()
#2 /opt/lampp/htdocs/jss-fix/system/Model.php(247): CodeIgniter\Database\BaseBuilder->get()
#3 /opt/lampp/htdocs/jss-fix/system/BaseModel.php(624): CodeIgniter\Model->doFirst()
#4 /opt/lampp/htdocs/jss-fix/app/Controllers/Home.php(9): CodeIgniter\BaseModel->first()
#5 /opt/lampp/htdocs/jss-fix/system/CodeIgniter.php(936): App\Controllers\Home->index()
#6 /opt/lampp/htdocs/jss-fix/system/CodeIgniter.php(432): CodeIgniter\CodeIgniter->runController()
#7 /opt/lampp/htdocs/jss-fix/system/CodeIgniter.php(333): CodeIgniter\CodeIgniter->handleRequest()
#8 /opt/lampp/htdocs/jss-fix/public/index.php(45): CodeIgniter\CodeIgniter->run()
#9 /opt/lampp/htdocs/jss-fix/system/Commands/Server/rewrite.php(45): require_once('...')
#10 {main}
CRITICAL - 2021-07-11 06:54:32 --> Unable to connect to the database.
#0 /opt/lampp/htdocs/jss-fix/system/Database/BaseConnection.php(618): CodeIgniter\Database\BaseConnection->initialize()
#1 /opt/lampp/htdocs/jss-fix/system/Database/BaseBuilder.php(1866): CodeIgniter\Database\BaseConnection->query()
#2 /opt/lampp/htdocs/jss-fix/system/Model.php(247): CodeIgniter\Database\BaseBuilder->get()
#3 /opt/lampp/htdocs/jss-fix/system/BaseModel.php(624): CodeIgniter\Model->doFirst()
#4 /opt/lampp/htdocs/jss-fix/app/Controllers/Home.php(9): CodeIgniter\BaseModel->first()
#5 /opt/lampp/htdocs/jss-fix/system/CodeIgniter.php(936): App\Controllers\Home->index()
#6 /opt/lampp/htdocs/jss-fix/system/CodeIgniter.php(432): CodeIgniter\CodeIgniter->runController()
#7 /opt/lampp/htdocs/jss-fix/system/CodeIgniter.php(333): CodeIgniter\CodeIgniter->handleRequest()
#8 /opt/lampp/htdocs/jss-fix/public/index.php(45): CodeIgniter\CodeIgniter->run()
#9 /opt/lampp/htdocs/jss-fix/system/Commands/Server/rewrite.php(45): require_once('...')
#10 {main}
CRITICAL - 2021-07-11 06:54:33 --> Unable to connect to the database.
#0 /opt/lampp/htdocs/jss-fix/system/Database/BaseConnection.php(618): CodeIgniter\Database\BaseConnection->initialize()
#1 /opt/lampp/htdocs/jss-fix/system/Database/BaseBuilder.php(1866): CodeIgniter\Database\BaseConnection->query()
#2 /opt/lampp/htdocs/jss-fix/system/Model.php(247): CodeIgniter\Database\BaseBuilder->get()
#3 /opt/lampp/htdocs/jss-fix/system/BaseModel.php(624): CodeIgniter\Model->doFirst()
#4 /opt/lampp/htdocs/jss-fix/app/Controllers/Home.php(9): CodeIgniter\BaseModel->first()
#5 /opt/lampp/htdocs/jss-fix/system/CodeIgniter.php(936): App\Controllers\Home->index()
#6 /opt/lampp/htdocs/jss-fix/system/CodeIgniter.php(432): CodeIgniter\CodeIgniter->runController()
#7 /opt/lampp/htdocs/jss-fix/system/CodeIgniter.php(333): CodeIgniter\CodeIgniter->handleRequest()
#8 /opt/lampp/htdocs/jss-fix/public/index.php(45): CodeIgniter\CodeIgniter->run()
#9 /opt/lampp/htdocs/jss-fix/system/Commands/Server/rewrite.php(45): require_once('...')
#10 {main}
CRITICAL - 2021-07-11 06:54:39 --> Unable to connect to the database.
#0 /opt/lampp/htdocs/jss-fix/system/Database/BaseConnection.php(618): CodeIgniter\Database\BaseConnection->initialize()
#1 /opt/lampp/htdocs/jss-fix/system/Database/BaseBuilder.php(1866): CodeIgniter\Database\BaseConnection->query()
#2 /opt/lampp/htdocs/jss-fix/system/Model.php(247): CodeIgniter\Database\BaseBuilder->get()
#3 /opt/lampp/htdocs/jss-fix/system/BaseModel.php(624): CodeIgniter\Model->doFirst()
#4 /opt/lampp/htdocs/jss-fix/app/Controllers/Home.php(9): CodeIgniter\BaseModel->first()
#5 /opt/lampp/htdocs/jss-fix/system/CodeIgniter.php(936): App\Controllers\Home->index()
#6 /opt/lampp/htdocs/jss-fix/system/CodeIgniter.php(432): CodeIgniter\CodeIgniter->runController()
#7 /opt/lampp/htdocs/jss-fix/system/CodeIgniter.php(333): CodeIgniter\CodeIgniter->handleRequest()
#8 /opt/lampp/htdocs/jss-fix/public/index.php(45): CodeIgniter\CodeIgniter->run()
#9 /opt/lampp/htdocs/jss-fix/system/Commands/Server/rewrite.php(45): require_once('...')
#10 {main}
CRITICAL - 2021-07-11 06:55:07 --> Unable to connect to the database.
#0 /opt/lampp/htdocs/jss-fix/system/Database/BaseConnection.php(618): CodeIgniter\Database\BaseConnection->initialize()
#1 /opt/lampp/htdocs/jss-fix/system/Database/BaseBuilder.php(1866): CodeIgniter\Database\BaseConnection->query()
#2 /opt/lampp/htdocs/jss-fix/system/Model.php(247): CodeIgniter\Database\BaseBuilder->get()
#3 /opt/lampp/htdocs/jss-fix/system/BaseModel.php(624): CodeIgniter\Model->doFirst()
#4 /opt/lampp/htdocs/jss-fix/app/Controllers/Home.php(9): CodeIgniter\BaseModel->first()
#5 /opt/lampp/htdocs/jss-fix/system/CodeIgniter.php(936): App\Controllers\Home->index()
#6 /opt/lampp/htdocs/jss-fix/system/CodeIgniter.php(432): CodeIgniter\CodeIgniter->runController()
#7 /opt/lampp/htdocs/jss-fix/system/CodeIgniter.php(333): CodeIgniter\CodeIgniter->handleRequest()
#8 /opt/lampp/htdocs/jss-fix/public/index.php(45): CodeIgniter\CodeIgniter->run()
#9 /opt/lampp/htdocs/jss-fix/system/Commands/Server/rewrite.php(45): require_once('...')
#10 {main}
CRITICAL - 2021-07-11 06:56:55 --> Unable to connect to the database.
#0 /opt/lampp/htdocs/jss-fix/system/Database/BaseConnection.php(618): CodeIgniter\Database\BaseConnection->initialize()
#1 /opt/lampp/htdocs/jss-fix/system/Database/BaseBuilder.php(1866): CodeIgniter\Database\BaseConnection->query()
#2 /opt/lampp/htdocs/jss-fix/system/Model.php(247): CodeIgniter\Database\BaseBuilder->get()
#3 /opt/lampp/htdocs/jss-fix/system/BaseModel.php(624): CodeIgniter\Model->doFirst()
#4 /opt/lampp/htdocs/jss-fix/app/Controllers/Home.php(9): CodeIgniter\BaseModel->first()
#5 /opt/lampp/htdocs/jss-fix/system/CodeIgniter.php(936): App\Controllers\Home->index()
#6 /opt/lampp/htdocs/jss-fix/system/CodeIgniter.php(432): CodeIgniter\CodeIgniter->runController()
#7 /opt/lampp/htdocs/jss-fix/system/CodeIgniter.php(333): CodeIgniter\CodeIgniter->handleRequest()
#8 /opt/lampp/htdocs/jss-fix/public/index.php(45): CodeIgniter\CodeIgniter->run()
#9 /opt/lampp/htdocs/jss-fix/system/Commands/Server/rewrite.php(45): require_once('...')
#10 {main}
CRITICAL - 2021-07-11 07:00:59 --> Unable to connect to the database.
#0 /opt/lampp/htdocs/jss-fix/system/Database/BaseConnection.php(618): CodeIgniter\Database\BaseConnection->initialize()
#1 /opt/lampp/htdocs/jss-fix/system/Database/BaseBuilder.php(1866): CodeIgniter\Database\BaseConnection->query()
#2 /opt/lampp/htdocs/jss-fix/system/Model.php(247): CodeIgniter\Database\BaseBuilder->get()
#3 /opt/lampp/htdocs/jss-fix/system/BaseModel.php(624): CodeIgniter\Model->doFirst()
#4 /opt/lampp/htdocs/jss-fix/app/Controllers/Home.php(9): CodeIgniter\BaseModel->first()
#5 /opt/lampp/htdocs/jss-fix/system/CodeIgniter.php(936): App\Controllers\Home->index()
#6 /opt/lampp/htdocs/jss-fix/system/CodeIgniter.php(432): CodeIgniter\CodeIgniter->runController()
#7 /opt/lampp/htdocs/jss-fix/system/CodeIgniter.php(333): CodeIgniter\CodeIgniter->handleRequest()
#8 /opt/lampp/htdocs/jss-fix/public/index.php(45): CodeIgniter\CodeIgniter->run()
#9 /opt/lampp/htdocs/jss-fix/system/Commands/Server/rewrite.php(45): require_once('...')
#10 {main}
CRITICAL - 2021-07-11 07:57:52 --> Unable to connect to the database.
#0 /opt/lampp/htdocs/jss-fix/system/Database/BaseConnection.php(618): CodeIgniter\Database\BaseConnection->initialize()
#1 /opt/lampp/htdocs/jss-fix/system/Database/BaseBuilder.php(1866): CodeIgniter\Database\BaseConnection->query()
#2 /opt/lampp/htdocs/jss-fix/system/Model.php(247): CodeIgniter\Database\BaseBuilder->get()
#3 /opt/lampp/htdocs/jss-fix/system/BaseModel.php(624): CodeIgniter\Model->doFirst()
#4 /opt/lampp/htdocs/jss-fix/app/Controllers/Home.php(9): CodeIgniter\BaseModel->first()
#5 /opt/lampp/htdocs/jss-fix/system/CodeIgniter.php(936): App\Controllers\Home->index()
#6 /opt/lampp/htdocs/jss-fix/system/CodeIgniter.php(432): CodeIgniter\CodeIgniter->runController()
#7 /opt/lampp/htdocs/jss-fix/system/CodeIgniter.php(333): CodeIgniter\CodeIgniter->handleRequest()
#8 /opt/lampp/htdocs/jss-fix/public/index.php(45): CodeIgniter\CodeIgniter->run()
#9 /opt/lampp/htdocs/jss-fix/system/Commands/Server/rewrite.php(45): require_once('...')
#10 {main}
CRITICAL - 2021-07-11 07:57:58 --> Unable to connect to the database.
#0 /opt/lampp/htdocs/jss-fix/system/Database/BaseConnection.php(618): CodeIgniter\Database\BaseConnection->initialize()
#1 /opt/lampp/htdocs/jss-fix/system/Database/BaseBuilder.php(1866): CodeIgniter\Database\BaseConnection->query()
#2 /opt/lampp/htdocs/jss-fix/system/Model.php(247): CodeIgniter\Database\BaseBuilder->get()
#3 /opt/lampp/htdocs/jss-fix/system/BaseModel.php(624): CodeIgniter\Model->doFirst()
#4 /opt/lampp/htdocs/jss-fix/app/Controllers/Home.php(9): CodeIgniter\BaseModel->first()
#5 /opt/lampp/htdocs/jss-fix/system/CodeIgniter.php(936): App\Controllers\Home->index()
#6 /opt/lampp/htdocs/jss-fix/system/CodeIgniter.php(432): CodeIgniter\CodeIgniter->runController()
#7 /opt/lampp/htdocs/jss-fix/system/CodeIgniter.php(333): CodeIgniter\CodeIgniter->handleRequest()
#8 /opt/lampp/htdocs/jss-fix/public/index.php(45): CodeIgniter\CodeIgniter->run()
#9 /opt/lampp/htdocs/jss-fix/system/Commands/Server/rewrite.php(45): require_once('...')
#10 {main}
CRITICAL - 2021-07-11 07:58:26 --> Class "CodeIgniter\Database\mariadb\Connection" not found
#0 /opt/lampp/htdocs/jss-fix/system/Database/Database.php(69): CodeIgniter\Database\Database->initDriver()
#1 /opt/lampp/htdocs/jss-fix/system/Database/Config.php(87): CodeIgniter\Database\Database->load()
#2 /opt/lampp/htdocs/jss-fix/system/Model.php(111): CodeIgniter\Database\Config::connect()
#3 /opt/lampp/htdocs/jss-fix/app/Controllers/BaseController.php(66): CodeIgniter\Model->__construct()
#4 /opt/lampp/htdocs/jss-fix/system/CodeIgniter.php(909): App\Controllers\BaseController->initController()
#5 /opt/lampp/htdocs/jss-fix/system/CodeIgniter.php(422): CodeIgniter\CodeIgniter->createController()
#6 /opt/lampp/htdocs/jss-fix/system/CodeIgniter.php(333): CodeIgniter\CodeIgniter->handleRequest()
#7 /opt/lampp/htdocs/jss-fix/public/index.php(45): CodeIgniter\CodeIgniter->run()
#8 /opt/lampp/htdocs/jss-fix/system/Commands/Server/rewrite.php(45): require_once('...')
#9 {main}
CRITICAL - 2021-07-11 07:58:33 --> Class "CodeIgniter\Database\MySQL\Connection" not found
#0 /opt/lampp/htdocs/jss-fix/system/Database/Database.php(69): CodeIgniter\Database\Database->initDriver()
#1 /opt/lampp/htdocs/jss-fix/system/Database/Config.php(87): CodeIgniter\Database\Database->load()
#2 /opt/lampp/htdocs/jss-fix/system/Model.php(111): CodeIgniter\Database\Config::connect()
#3 /opt/lampp/htdocs/jss-fix/app/Controllers/BaseController.php(66): CodeIgniter\Model->__construct()
#4 /opt/lampp/htdocs/jss-fix/system/CodeIgniter.php(909): App\Controllers\BaseController->initController()
#5 /opt/lampp/htdocs/jss-fix/system/CodeIgniter.php(422): CodeIgniter\CodeIgniter->createController()
#6 /opt/lampp/htdocs/jss-fix/system/CodeIgniter.php(333): CodeIgniter\CodeIgniter->handleRequest()
#7 /opt/lampp/htdocs/jss-fix/public/index.php(45): CodeIgniter\CodeIgniter->run()
#8 /opt/lampp/htdocs/jss-fix/system/Commands/Server/rewrite.php(45): require_once('...')
#9 {main}
CRITICAL - 2021-07-11 07:58:40 --> Unable to connect to the database.
#0 /opt/lampp/htdocs/jss-fix/system/Database/BaseConnection.php(618): CodeIgniter\Database\BaseConnection->initialize()
#1 /opt/lampp/htdocs/jss-fix/system/Database/BaseBuilder.php(1866): CodeIgniter\Database\BaseConnection->query()
#2 /opt/lampp/htdocs/jss-fix/system/Model.php(247): CodeIgniter\Database\BaseBuilder->get()
#3 /opt/lampp/htdocs/jss-fix/system/BaseModel.php(624): CodeIgniter\Model->doFirst()
#4 /opt/lampp/htdocs/jss-fix/app/Controllers/Home.php(9): CodeIgniter\BaseModel->first()
#5 /opt/lampp/htdocs/jss-fix/system/CodeIgniter.php(936): App\Controllers\Home->index()
#6 /opt/lampp/htdocs/jss-fix/system/CodeIgniter.php(432): CodeIgniter\CodeIgniter->runController()
#7 /opt/lampp/htdocs/jss-fix/system/CodeIgniter.php(333): CodeIgniter\CodeIgniter->handleRequest()
#8 /opt/lampp/htdocs/jss-fix/public/index.php(45): CodeIgniter\CodeIgniter->run()
#9 /opt/lampp/htdocs/jss-fix/system/Commands/Server/rewrite.php(45): require_once('...')
#10 {main}
CRITICAL - 2021-07-11 08:02:29 --> Unable to connect to the database.
#0 /opt/lampp/htdocs/jss-fix/system/Database/BaseConnection.php(618): CodeIgniter\Database\BaseConnection->initialize()
#1 /opt/lampp/htdocs/jss-fix/system/Database/BaseBuilder.php(1866): CodeIgniter\Database\BaseConnection->query()
#2 /opt/lampp/htdocs/jss-fix/system/Model.php(247): CodeIgniter\Database\BaseBuilder->get()
#3 /opt/lampp/htdocs/jss-fix/system/BaseModel.php(624): CodeIgniter\Model->doFirst()
#4 /opt/lampp/htdocs/jss-fix/app/Controllers/Home.php(9): CodeIgniter\BaseModel->first()
#5 /opt/lampp/htdocs/jss-fix/system/CodeIgniter.php(936): App\Controllers\Home->index()
#6 /opt/lampp/htdocs/jss-fix/system/CodeIgniter.php(432): CodeIgniter\CodeIgniter->runController()
#7 /opt/lampp/htdocs/jss-fix/system/CodeIgniter.php(333): CodeIgniter\CodeIgniter->handleRequest()
#8 /opt/lampp/htdocs/jss-fix/public/index.php(45): CodeIgniter\CodeIgniter->run()
#9 /opt/lampp/htdocs/jss-fix/system/Commands/Server/rewrite.php(45): require_once('...')
#10 {main}
CRITICAL - 2021-07-11 08:02:31 --> Unable to connect to the database.
#0 /opt/lampp/htdocs/jss-fix/system/Database/BaseConnection.php(618): CodeIgniter\Database\BaseConnection->initialize()
#1 /opt/lampp/htdocs/jss-fix/system/Database/BaseBuilder.php(1866): CodeIgniter\Database\BaseConnection->query()
#2 /opt/lampp/htdocs/jss-fix/system/Model.php(247): CodeIgniter\Database\BaseBuilder->get()
#3 /opt/lampp/htdocs/jss-fix/system/BaseModel.php(624): CodeIgniter\Model->doFirst()
#4 /opt/lampp/htdocs/jss-fix/app/Controllers/Home.php(9): CodeIgniter\BaseModel->first()
#5 /opt/lampp/htdocs/jss-fix/system/CodeIgniter.php(936): App\Controllers\Home->index()
#6 /opt/lampp/htdocs/jss-fix/system/CodeIgniter.php(432): CodeIgniter\CodeIgniter->runController()
#7 /opt/lampp/htdocs/jss-fix/system/CodeIgniter.php(333): CodeIgniter\CodeIgniter->handleRequest()
#8 /opt/lampp/htdocs/jss-fix/public/index.php(45): CodeIgniter\CodeIgniter->run()
#9 /opt/lampp/htdocs/jss-fix/system/Commands/Server/rewrite.php(45): require_once('...')
#10 {main}
CRITICAL - 2021-07-11 08:04:18 --> Unable to connect to the database.
#0 /opt/lampp/htdocs/jss-fix/system/Database/BaseConnection.php(618): CodeIgniter\Database\BaseConnection->initialize()
#1 /opt/lampp/htdocs/jss-fix/system/Database/BaseBuilder.php(1866): CodeIgniter\Database\BaseConnection->query()
#2 /opt/lampp/htdocs/jss-fix/system/Model.php(247): CodeIgniter\Database\BaseBuilder->get()
#3 /opt/lampp/htdocs/jss-fix/system/BaseModel.php(624): CodeIgniter\Model->doFirst()
#4 /opt/lampp/htdocs/jss-fix/app/Controllers/Home.php(9): CodeIgniter\BaseModel->first()
#5 /opt/lampp/htdocs/jss-fix/system/CodeIgniter.php(936): App\Controllers\Home->index()
#6 /opt/lampp/htdocs/jss-fix/system/CodeIgniter.php(432): CodeIgniter\CodeIgniter->runController()
#7 /opt/lampp/htdocs/jss-fix/system/CodeIgniter.php(333): CodeIgniter\CodeIgniter->handleRequest()
#8 /opt/lampp/htdocs/jss-fix/public/index.php(45): CodeIgniter\CodeIgniter->run()
#9 /opt/lampp/htdocs/jss-fix/system/Commands/Server/rewrite.php(45): require_once('...')
#10 {main}
CRITICAL - 2021-07-11 08:07:04 --> Unable to connect to the database.
#0 /opt/lampp/htdocs/jss-fix/system/Database/BaseConnection.php(618): CodeIgniter\Database\BaseConnection->initialize()
#1 /opt/lampp/htdocs/jss-fix/system/Database/BaseBuilder.php(1866): CodeIgniter\Database\BaseConnection->query()
#2 /opt/lampp/htdocs/jss-fix/system/Model.php(247): CodeIgniter\Database\BaseBuilder->get()
#3 /opt/lampp/htdocs/jss-fix/system/BaseModel.php(624): CodeIgniter\Model->doFirst()
#4 /opt/lampp/htdocs/jss-fix/app/Controllers/Home.php(9): CodeIgniter\BaseModel->first()
#5 /opt/lampp/htdocs/jss-fix/system/CodeIgniter.php(936): App\Controllers\Home->index()
#6 /opt/lampp/htdocs/jss-fix/system/CodeIgniter.php(432): CodeIgniter\CodeIgniter->runController()
#7 /opt/lampp/htdocs/jss-fix/system/CodeIgniter.php(333): CodeIgniter\CodeIgniter->handleRequest()
#8 /opt/lampp/htdocs/jss-fix/public/index.php(45): CodeIgniter\CodeIgniter->run()
#9 /opt/lampp/htdocs/jss-fix/system/Commands/Server/rewrite.php(45): require_once('...')
#10 {main}
CRITICAL - 2021-07-11 08:10:22 --> Unable to connect to the database.
#0 /opt/lampp/htdocs/jss-fix/system/Database/BaseConnection.php(618): CodeIgniter\Database\BaseConnection->initialize()
#1 /opt/lampp/htdocs/jss-fix/system/Database/BaseBuilder.php(1866): CodeIgniter\Database\BaseConnection->query()
#2 /opt/lampp/htdocs/jss-fix/system/Model.php(247): CodeIgniter\Database\BaseBuilder->get()
#3 /opt/lampp/htdocs/jss-fix/system/BaseModel.php(624): CodeIgniter\Model->doFirst()
#4 /opt/lampp/htdocs/jss-fix/app/Controllers/Home.php(9): CodeIgniter\BaseModel->first()
#5 /opt/lampp/htdocs/jss-fix/system/CodeIgniter.php(936): App\Controllers\Home->index()
#6 /opt/lampp/htdocs/jss-fix/system/CodeIgniter.php(432): CodeIgniter\CodeIgniter->runController()
#7 /opt/lampp/htdocs/jss-fix/system/CodeIgniter.php(333): CodeIgniter\CodeIgniter->handleRequest()
#8 /opt/lampp/htdocs/jss-fix/public/index.php(45): CodeIgniter\CodeIgniter->run()
#9 /opt/lampp/htdocs/jss-fix/system/Commands/Server/rewrite.php(45): require_once('...')
#10 {main}
CRITICAL - 2021-07-11 08:14:45 --> Unable to connect to the database.
#0 /opt/lampp/htdocs/jss-fix/system/Database/BaseConnection.php(618): CodeIgniter\Database\BaseConnection->initialize()
#1 /opt/lampp/htdocs/jss-fix/system/Database/BaseBuilder.php(1866): CodeIgniter\Database\BaseConnection->query()
#2 /opt/lampp/htdocs/jss-fix/system/Model.php(247): CodeIgniter\Database\BaseBuilder->get()
#3 /opt/lampp/htdocs/jss-fix/system/BaseModel.php(624): CodeIgniter\Model->doFirst()
#4 /opt/lampp/htdocs/jss-fix/app/Controllers/Home.php(9): CodeIgniter\BaseModel->first()
#5 /opt/lampp/htdocs/jss-fix/system/CodeIgniter.php(936): App\Controllers\Home->index()
#6 /opt/lampp/htdocs/jss-fix/system/CodeIgniter.php(432): CodeIgniter\CodeIgniter->runController()
#7 /opt/lampp/htdocs/jss-fix/system/CodeIgniter.php(333): CodeIgniter\CodeIgniter->handleRequest()
#8 /opt/lampp/htdocs/jss-fix/public/index.php(45): CodeIgniter\CodeIgniter->run()
#9 /opt/lampp/htdocs/jss-fix/system/Commands/Server/rewrite.php(45): require_once('...')
#10 {main}
CRITICAL - 2021-07-11 01:15:00 --> Call to undefined function CodeIgniter\locale_set_default()
#0 /opt/lampp/htdocs/jss-fix/system/bootstrap.php(159): CodeIgniter\CodeIgniter->initialize()
#1 /opt/lampp/htdocs/jss-fix/spark(53): require('...')
#2 {main}
CRITICAL - 2021-07-11 08:16:14 --> Unable to connect to the database.
#0 /opt/lampp/htdocs/jss-fix/system/Database/BaseConnection.php(618): CodeIgniter\Database\BaseConnection->initialize()
#1 /opt/lampp/htdocs/jss-fix/system/Database/BaseBuilder.php(1866): CodeIgniter\Database\BaseConnection->query()
#2 /opt/lampp/htdocs/jss-fix/system/Model.php(247): CodeIgniter\Database\BaseBuilder->get()
#3 /opt/lampp/htdocs/jss-fix/system/BaseModel.php(624): CodeIgniter\Model->doFirst()
#4 /opt/lampp/htdocs/jss-fix/app/Controllers/Home.php(9): CodeIgniter\BaseModel->first()
#5 /opt/lampp/htdocs/jss-fix/system/CodeIgniter.php(940): App\Controllers\Home->index()
#6 /opt/lampp/htdocs/jss-fix/system/CodeIgniter.php(436): CodeIgniter\CodeIgniter->runController()
#7 /opt/lampp/htdocs/jss-fix/system/CodeIgniter.php(337): CodeIgniter\CodeIgniter->handleRequest()
#8 /opt/lampp/htdocs/jss-fix/public/index.php(45): CodeIgniter\CodeIgniter->run()
#9 /opt/lampp/htdocs/jss-fix/system/Commands/Server/rewrite.php(45): require_once('...')
#10 {main}
CRITICAL - 2021-07-11 08:16:31 --> Unable to connect to the database.
#0 /opt/lampp/htdocs/jss-fix/system/Database/BaseConnection.php(618): CodeIgniter\Database\BaseConnection->initialize()
#1 /opt/lampp/htdocs/jss-fix/system/Database/BaseBuilder.php(1866): CodeIgniter\Database\BaseConnection->query()
#2 /opt/lampp/htdocs/jss-fix/system/Model.php(247): CodeIgniter\Database\BaseBuilder->get()
#3 /opt/lampp/htdocs/jss-fix/system/BaseModel.php(624): CodeIgniter\Model->doFirst()
#4 /opt/lampp/htdocs/jss-fix/app/Controllers/Home.php(9): CodeIgniter\BaseModel->first()
#5 /opt/lampp/htdocs/jss-fix/system/CodeIgniter.php(940): App\Controllers\Home->index()
#6 /opt/lampp/htdocs/jss-fix/system/CodeIgniter.php(436): CodeIgniter\CodeIgniter->runController()
#7 /opt/lampp/htdocs/jss-fix/system/CodeIgniter.php(337): CodeIgniter\CodeIgniter->handleRequest()
#8 /opt/lampp/htdocs/jss-fix/public/index.php(45): CodeIgniter\CodeIgniter->run()
#9 /opt/lampp/htdocs/jss-fix/system/Commands/Server/rewrite.php(45): require_once('...')
#10 {main}
CRITICAL - 2021-07-11 08:17:23 --> Unable to connect to the database.
#0 /opt/lampp/htdocs/jss-fix/system/Database/BaseConnection.php(618): CodeIgniter\Database\BaseConnection->initialize()
#1 /opt/lampp/htdocs/jss-fix/system/Database/BaseBuilder.php(1866): CodeIgniter\Database\BaseConnection->query()
#2 /opt/lampp/htdocs/jss-fix/system/Model.php(247): CodeIgniter\Database\BaseBuilder->get()
#3 /opt/lampp/htdocs/jss-fix/system/BaseModel.php(624): CodeIgniter\Model->doFirst()
#4 /opt/lampp/htdocs/jss-fix/app/Controllers/Home.php(9): CodeIgniter\BaseModel->first()
#5 /opt/lampp/htdocs/jss-fix/system/CodeIgniter.php(940): App\Controllers\Home->index()
#6 /opt/lampp/htdocs/jss-fix/system/CodeIgniter.php(436): CodeIgniter\CodeIgniter->runController()
#7 /opt/lampp/htdocs/jss-fix/system/CodeIgniter.php(337): CodeIgniter\CodeIgniter->handleRequest()
#8 /opt/lampp/htdocs/jss-fix/public/index.php(45): CodeIgniter\CodeIgniter->run()
#9 /opt/lampp/htdocs/jss-fix/system/Commands/Server/rewrite.php(45): require_once('...')
#10 {main}
CRITICAL - 2021-07-11 08:17:49 --> Unable to connect to the database.
#0 /opt/lampp/htdocs/jss-fix/system/Database/BaseConnection.php(618): CodeIgniter\Database\BaseConnection->initialize()
#1 /opt/lampp/htdocs/jss-fix/system/Database/BaseBuilder.php(1866): CodeIgniter\Database\BaseConnection->query()
#2 /opt/lampp/htdocs/jss-fix/system/Model.php(247): CodeIgniter\Database\BaseBuilder->get()
#3 /opt/lampp/htdocs/jss-fix/system/BaseModel.php(624): CodeIgniter\Model->doFirst()
#4 /opt/lampp/htdocs/jss-fix/app/Controllers/Home.php(9): CodeIgniter\BaseModel->first()
#5 /opt/lampp/htdocs/jss-fix/system/CodeIgniter.php(940): App\Controllers\Home->index()
#6 /opt/lampp/htdocs/jss-fix/system/CodeIgniter.php(436): CodeIgniter\CodeIgniter->runController()
#7 /opt/lampp/htdocs/jss-fix/system/CodeIgniter.php(337): CodeIgniter\CodeIgniter->handleRequest()
#8 /opt/lampp/htdocs/jss-fix/public/index.php(45): CodeIgniter\CodeIgniter->run()
#9 /opt/lampp/htdocs/jss-fix/system/Commands/Server/rewrite.php(45): require_once('...')
#10 {main}
CRITICAL - 2021-07-11 08:18:07 --> Unable to connect to the database.
#0 /opt/lampp/htdocs/jss-fix/system/Database/BaseConnection.php(618): CodeIgniter\Database\BaseConnection->initialize()
#1 /opt/lampp/htdocs/jss-fix/system/Database/BaseBuilder.php(1866): CodeIgniter\Database\BaseConnection->query()
#2 /opt/lampp/htdocs/jss-fix/system/Model.php(247): CodeIgniter\Database\BaseBuilder->get()
#3 /opt/lampp/htdocs/jss-fix/system/BaseModel.php(624): CodeIgniter\Model->doFirst()
#4 /opt/lampp/htdocs/jss-fix/app/Controllers/Home.php(9): CodeIgniter\BaseModel->first()
#5 /opt/lampp/htdocs/jss-fix/system/CodeIgniter.php(940): App\Controllers\Home->index()
#6 /opt/lampp/htdocs/jss-fix/system/CodeIgniter.php(436): CodeIgniter\CodeIgniter->runController()
#7 /opt/lampp/htdocs/jss-fix/system/CodeIgniter.php(337): CodeIgniter\CodeIgniter->handleRequest()
#8 /opt/lampp/htdocs/jss-fix/public/index.php(45): CodeIgniter\CodeIgniter->run()
#9 /opt/lampp/htdocs/jss-fix/system/Commands/Server/rewrite.php(45): require_once('...')
#10 {main}
CRITICAL - 2021-07-11 08:19:10 --> Unable to connect to the database.
#0 /opt/lampp/htdocs/jss-fix/system/Database/BaseConnection.php(618): CodeIgniter\Database\BaseConnection->initialize()
#1 /opt/lampp/htdocs/jss-fix/system/Database/BaseBuilder.php(1866): CodeIgniter\Database\BaseConnection->query()
#2 /opt/lampp/htdocs/jss-fix/system/Model.php(247): CodeIgniter\Database\BaseBuilder->get()
#3 /opt/lampp/htdocs/jss-fix/system/BaseModel.php(624): CodeIgniter\Model->doFirst()
#4 /opt/lampp/htdocs/jss-fix/app/Controllers/Home.php(9): CodeIgniter\BaseModel->first()
#5 /opt/lampp/htdocs/jss-fix/system/CodeIgniter.php(940): App\Controllers\Home->index()
#6 /opt/lampp/htdocs/jss-fix/system/CodeIgniter.php(436): CodeIgniter\CodeIgniter->runController()
#7 /opt/lampp/htdocs/jss-fix/system/CodeIgniter.php(337): CodeIgniter\CodeIgniter->handleRequest()
#8 /opt/lampp/htdocs/jss-fix/public/index.php(45): CodeIgniter\CodeIgniter->run()
#9 /opt/lampp/htdocs/jss-fix/system/Commands/Server/rewrite.php(45): require_once('...')
#10 {main}
CRITICAL - 2021-07-11 08:23:32 --> Unable to connect to the database.
#0 /opt/lampp/htdocs/jss-fix/system/Database/BaseConnection.php(618): CodeIgniter\Database\BaseConnection->initialize()
#1 /opt/lampp/htdocs/jss-fix/system/Database/BaseBuilder.php(1866): CodeIgniter\Database\BaseConnection->query()
#2 /opt/lampp/htdocs/jss-fix/system/Model.php(247): CodeIgniter\Database\BaseBuilder->get()
#3 /opt/lampp/htdocs/jss-fix/system/BaseModel.php(624): CodeIgniter\Model->doFirst()
#4 /opt/lampp/htdocs/jss-fix/app/Controllers/Home.php(9): CodeIgniter\BaseModel->first()
#5 /opt/lampp/htdocs/jss-fix/system/CodeIgniter.php(940): App\Controllers\Home->index()
#6 /opt/lampp/htdocs/jss-fix/system/CodeIgniter.php(436): CodeIgniter\CodeIgniter->runController()
#7 /opt/lampp/htdocs/jss-fix/system/CodeIgniter.php(337): CodeIgniter\CodeIgniter->handleRequest()
#8 /opt/lampp/htdocs/jss-fix/public/index.php(45): CodeIgniter\CodeIgniter->run()
#9 /opt/lampp/htdocs/jss-fix/system/Commands/Server/rewrite.php(45): require_once('...')
#10 {main}
CRITICAL - 2021-07-11 08:29:44 --> Unable to connect to the database.
#0 /opt/lampp/htdocs/jss-fix/system/Database/BaseConnection.php(618): CodeIgniter\Database\BaseConnection->initialize()
#1 /opt/lampp/htdocs/jss-fix/system/Database/BaseBuilder.php(1866): CodeIgniter\Database\BaseConnection->query()
#2 /opt/lampp/htdocs/jss-fix/system/Model.php(247): CodeIgniter\Database\BaseBuilder->get()
#3 /opt/lampp/htdocs/jss-fix/system/BaseModel.php(624): CodeIgniter\Model->doFirst()
#4 /opt/lampp/htdocs/jss-fix/app/Controllers/Home.php(9): CodeIgniter\BaseModel->first()
#5 /opt/lampp/htdocs/jss-fix/system/CodeIgniter.php(940): App\Controllers\Home->index()
#6 /opt/lampp/htdocs/jss-fix/system/CodeIgniter.php(436): CodeIgniter\CodeIgniter->runController()
#7 /opt/lampp/htdocs/jss-fix/system/CodeIgniter.php(337): CodeIgniter\CodeIgniter->handleRequest()
#8 /opt/lampp/htdocs/jss-fix/public/index.php(45): CodeIgniter\CodeIgniter->run()
#9 /opt/lampp/htdocs/jss-fix/system/Commands/Server/rewrite.php(45): require_once('...')
#10 {main}
CRITICAL - 2021-07-11 08:31:22 --> Unable to connect to the database.
#0 /opt/lampp/htdocs/jss-fix/system/Database/BaseConnection.php(618): CodeIgniter\Database\BaseConnection->initialize()
#1 /opt/lampp/htdocs/jss-fix/system/Database/BaseBuilder.php(1866): CodeIgniter\Database\BaseConnection->query()
#2 /opt/lampp/htdocs/jss-fix/system/Model.php(247): CodeIgniter\Database\BaseBuilder->get()
#3 /opt/lampp/htdocs/jss-fix/system/BaseModel.php(624): CodeIgniter\Model->doFirst()
#4 /opt/lampp/htdocs/jss-fix/app/Controllers/Home.php(9): CodeIgniter\BaseModel->first()
#5 /opt/lampp/htdocs/jss-fix/system/CodeIgniter.php(940): App\Controllers\Home->index()
#6 /opt/lampp/htdocs/jss-fix/system/CodeIgniter.php(436): CodeIgniter\CodeIgniter->runController()
#7 /opt/lampp/htdocs/jss-fix/system/CodeIgniter.php(337): CodeIgniter\CodeIgniter->handleRequest()
#8 /opt/lampp/htdocs/jss-fix/public/index.php(45): CodeIgniter\CodeIgniter->run()
#9 /opt/lampp/htdocs/jss-fix/system/Commands/Server/rewrite.php(45): require_once('...')
#10 {main}
