CRITICAL - 2021-05-02 10:27:34 --> Class "App\Models\Modelkonfigurasi" not found
#0 C:\xampp\htdocs\jssasu\system\CodeIgniter.php(909): App\Controllers\BaseController->initController(Object(CodeIgniter\HTTP\IncomingRequest), Object(CodeIgniter\HTTP\Response), Object(CodeIgniter\Log\Logger))
#1 C:\xampp\htdocs\jssasu\system\CodeIgniter.php(422): CodeIgniter\CodeIgniter->createController()
#2 C:\xampp\htdocs\jssasu\system\CodeIgniter.php(333): CodeIgniter\CodeIgniter->handleRequest(NULL, Object(Config\Cache), false)
#3 C:\xampp\htdocs\jssasu\public\index.php(45): CodeIgniter\CodeIgniter->run()
#4 C:\xampp\htdocs\jssasu\system\Commands\Server\rewrite.php(45): require_once('C:\\xampp\\htdocs...')
#5 {main}
CRITICAL - 2021-05-02 10:29:50 --> Class "App\Models\Modelmapel" not found
#0 C:\xampp\htdocs\jssasu\system\CodeIgniter.php(909): App\Controllers\BaseController->initController(Object(CodeIgniter\HTTP\IncomingRequest), Object(CodeIgniter\HTTP\Response), Object(CodeIgniter\Log\Logger))
#1 C:\xampp\htdocs\jssasu\system\CodeIgniter.php(422): CodeIgniter\CodeIgniter->createController()
#2 C:\xampp\htdocs\jssasu\system\CodeIgniter.php(333): CodeIgniter\CodeIgniter->handleRequest(NULL, Object(Config\Cache), false)
#3 C:\xampp\htdocs\jssasu\public\index.php(45): CodeIgniter\CodeIgniter->run()
#4 C:\xampp\htdocs\jssasu\system\Commands\Server\rewrite.php(45): require_once('C:\\xampp\\htdocs...')
#5 {main}
CRITICAL - 2021-05-02 10:29:55 --> Class "App\Models\Modelmapel" not found
#0 C:\xampp\htdocs\jssasu\system\CodeIgniter.php(909): App\Controllers\BaseController->initController(Object(CodeIgniter\HTTP\IncomingRequest), Object(CodeIgniter\HTTP\Response), Object(CodeIgniter\Log\Logger))
#1 C:\xampp\htdocs\jssasu\system\CodeIgniter.php(422): CodeIgniter\CodeIgniter->createController()
#2 C:\xampp\htdocs\jssasu\system\CodeIgniter.php(333): CodeIgniter\CodeIgniter->handleRequest(NULL, Object(Config\Cache), false)
#3 C:\xampp\htdocs\jssasu\public\index.php(45): CodeIgniter\CodeIgniter->run()
#4 C:\xampp\htdocs\jssasu\system\Commands\Server\rewrite.php(45): require_once('C:\\xampp\\htdocs...')
#5 {main}
CRITICAL - 2021-05-02 10:30:27 --> Class "App\Models\Modelmapel" not found
#0 C:\xampp\htdocs\jssasu\system\CodeIgniter.php(909): App\Controllers\BaseController->initController(Object(CodeIgniter\HTTP\IncomingRequest), Object(CodeIgniter\HTTP\Response), Object(CodeIgniter\Log\Logger))
#1 C:\xampp\htdocs\jssasu\system\CodeIgniter.php(422): CodeIgniter\CodeIgniter->createController()
#2 C:\xampp\htdocs\jssasu\system\CodeIgniter.php(333): CodeIgniter\CodeIgniter->handleRequest(NULL, Object(Config\Cache), false)
#3 C:\xampp\htdocs\jssasu\public\index.php(45): CodeIgniter\CodeIgniter->run()
#4 C:\xampp\htdocs\jssasu\system\Commands\Server\rewrite.php(45): require_once('C:\\xampp\\htdocs...')
#5 {main}
CRITICAL - 2021-05-02 10:30:29 --> Class "App\Models\Modelmapel" not found
#0 C:\xampp\htdocs\jssasu\system\CodeIgniter.php(909): App\Controllers\BaseController->initController(Object(CodeIgniter\HTTP\IncomingRequest), Object(CodeIgniter\HTTP\Response), Object(CodeIgniter\Log\Logger))
#1 C:\xampp\htdocs\jssasu\system\CodeIgniter.php(422): CodeIgniter\CodeIgniter->createController()
#2 C:\xampp\htdocs\jssasu\system\CodeIgniter.php(333): CodeIgniter\CodeIgniter->handleRequest(NULL, Object(Config\Cache), false)
#3 C:\xampp\htdocs\jssasu\public\index.php(45): CodeIgniter\CodeIgniter->run()
#4 C:\xampp\htdocs\jssasu\system\Commands\Server\rewrite.php(45): require_once('C:\\xampp\\htdocs...')
#5 {main}
CRITICAL - 2021-05-02 10:31:09 --> Class "App\Controllers\Modelspp" not found
#0 C:\xampp\htdocs\jssasu\system\CodeIgniter.php(909): App\Controllers\BaseController->initController(Object(CodeIgniter\HTTP\IncomingRequest), Object(CodeIgniter\HTTP\Response), Object(CodeIgniter\Log\Logger))
#1 C:\xampp\htdocs\jssasu\system\CodeIgniter.php(422): CodeIgniter\CodeIgniter->createController()
#2 C:\xampp\htdocs\jssasu\system\CodeIgniter.php(333): CodeIgniter\CodeIgniter->handleRequest(NULL, Object(Config\Cache), false)
#3 C:\xampp\htdocs\jssasu\public\index.php(45): CodeIgniter\CodeIgniter->run()
#4 C:\xampp\htdocs\jssasu\system\Commands\Server\rewrite.php(45): require_once('C:\\xampp\\htdocs...')
#5 {main}
CRITICAL - 2021-05-02 10:31:18 --> Class "App\Models\Modelpengumuman" not found
#0 C:\xampp\htdocs\jssasu\system\CodeIgniter.php(909): App\Controllers\BaseController->initController(Object(CodeIgniter\HTTP\IncomingRequest), Object(CodeIgniter\HTTP\Response), Object(CodeIgniter\Log\Logger))
#1 C:\xampp\htdocs\jssasu\system\CodeIgniter.php(422): CodeIgniter\CodeIgniter->createController()
#2 C:\xampp\htdocs\jssasu\system\CodeIgniter.php(333): CodeIgniter\CodeIgniter->handleRequest(NULL, Object(Config\Cache), false)
#3 C:\xampp\htdocs\jssasu\public\index.php(45): CodeIgniter\CodeIgniter->run()
#4 C:\xampp\htdocs\jssasu\system\Commands\Server\rewrite.php(45): require_once('C:\\xampp\\htdocs...')
#5 {main}
CRITICAL - 2021-05-02 10:32:48 --> Class "App\Filters\Validasilogin" not found
#0 C:\xampp\htdocs\jssasu\system\CodeIgniter.php(403): CodeIgniter\Filters\Filters->run('auth/dashboard', 'before')
#1 C:\xampp\htdocs\jssasu\system\CodeIgniter.php(333): CodeIgniter\CodeIgniter->handleRequest(NULL, Object(Config\Cache), false)
#2 C:\xampp\htdocs\jssasu\public\index.php(45): CodeIgniter\CodeIgniter->run()
#3 C:\xampp\htdocs\jssasu\system\Commands\Server\rewrite.php(45): require_once('C:\\xampp\\htdocs...')
#4 {main}
