CRITICAL - 2021-04-24 02:16:40 --> Undefined variable $pendidikan_id
#0 C:\xampp\htdocs\jssasu\app\Controllers\Pendidikan.php(191): CodeIgniter\Debug\Exceptions->errorHandler(2, 'Undefined varia...', 'C:\\xampp\\htdocs...', 191)
#1 C:\xampp\htdocs\jssasu\system\CodeIgniter.php(936): App\Controllers\Pendidikan->formedit()
#2 C:\xampp\htdocs\jssasu\system\CodeIgniter.php(432): CodeIgniter\CodeIgniter->runController(Object(App\Controllers\Pendidikan))
#3 C:\xampp\htdocs\jssasu\system\CodeIgniter.php(333): CodeIgniter\CodeIgniter->handleRequest(NULL, Object(Config\Cache), false)
#4 C:\xampp\htdocs\jssasu\public\index.php(45): CodeIgniter\CodeIgniter->run()
#5 C:\xampp\htdocs\jssasu\system\Commands\Server\rewrite.php(45): require_once('C:\\xampp\\htdocs...')
#6 {main}
CRITICAL - 2021-04-24 02:17:09 --> Undefined variable $pendidikan_id
#0 C:\xampp\htdocs\jssasu\app\Controllers\Pendidikan.php(191): CodeIgniter\Debug\Exceptions->errorHandler(2, 'Undefined varia...', 'C:\\xampp\\htdocs...', 191)
#1 C:\xampp\htdocs\jssasu\system\CodeIgniter.php(936): App\Controllers\Pendidikan->formedit()
#2 C:\xampp\htdocs\jssasu\system\CodeIgniter.php(432): CodeIgniter\CodeIgniter->runController(Object(App\Controllers\Pendidikan))
#3 C:\xampp\htdocs\jssasu\system\CodeIgniter.php(333): CodeIgniter\CodeIgniter->handleRequest(NULL, Object(Config\Cache), false)
#4 C:\xampp\htdocs\jssasu\public\index.php(45): CodeIgniter\CodeIgniter->run()
#5 C:\xampp\htdocs\jssasu\system\Commands\Server\rewrite.php(45): require_once('C:\\xampp\\htdocs...')
#6 {main}
CRITICAL - 2021-04-24 02:17:56 --> Undefined variable $pendidikan_id
#0 C:\xampp\htdocs\jssasu\app\Controllers\Pendidikan.php(191): CodeIgniter\Debug\Exceptions->errorHandler(2, 'Undefined varia...', 'C:\\xampp\\htdocs...', 191)
#1 C:\xampp\htdocs\jssasu\system\CodeIgniter.php(936): App\Controllers\Pendidikan->formedit()
#2 C:\xampp\htdocs\jssasu\system\CodeIgniter.php(432): CodeIgniter\CodeIgniter->runController(Object(App\Controllers\Pendidikan))
#3 C:\xampp\htdocs\jssasu\system\CodeIgniter.php(333): CodeIgniter\CodeIgniter->handleRequest(NULL, Object(Config\Cache), false)
#4 C:\xampp\htdocs\jssasu\public\index.php(45): CodeIgniter\CodeIgniter->run()
#5 C:\xampp\htdocs\jssasu\system\Commands\Server\rewrite.php(45): require_once('C:\\xampp\\htdocs...')
#6 {main}
CRITICAL - 2021-04-24 02:19:27 --> Undefined variable $alamat
#0 C:\xampp\htdocs\jssasu\app\Views\auth\siswa\edit.php(30): CodeIgniter\Debug\Exceptions->errorHandler(2, 'Undefined varia...', 'C:\\xampp\\htdocs...', 30)
#1 C:\xampp\htdocs\jssasu\system\View\View.php(220): include('C:\\xampp\\htdocs...')
#2 C:\xampp\htdocs\jssasu\system\View\View.php(222): CodeIgniter\View\View->CodeIgniter\View\{closure}()
#3 C:\xampp\htdocs\jssasu\system\Common.php(1217): CodeIgniter\View\View->render('auth/siswa/edit', Array, true)
#4 C:\xampp\htdocs\jssasu\app\Controllers\Pendidikan.php(206): view('auth/siswa/edit', Array)
#5 C:\xampp\htdocs\jssasu\system\CodeIgniter.php(936): App\Controllers\Pendidikan->formedit()
#6 C:\xampp\htdocs\jssasu\system\CodeIgniter.php(432): CodeIgniter\CodeIgniter->runController(Object(App\Controllers\Pendidikan))
#7 C:\xampp\htdocs\jssasu\system\CodeIgniter.php(333): CodeIgniter\CodeIgniter->handleRequest(NULL, Object(Config\Cache), false)
#8 C:\xampp\htdocs\jssasu\public\index.php(45): CodeIgniter\CodeIgniter->run()
#9 C:\xampp\htdocs\jssasu\system\Commands\Server\rewrite.php(45): require_once('C:\\xampp\\htdocs...')
#10 {main}
CRITICAL - 2021-04-24 02:20:44 --> Undefined variable $siswa_id
#0 C:\xampp\htdocs\jssasu\app\Views\auth\siswa\edit.php(15): CodeIgniter\Debug\Exceptions->errorHandler(2, 'Undefined varia...', 'C:\\xampp\\htdocs...', 15)
#1 C:\xampp\htdocs\jssasu\system\View\View.php(220): include('C:\\xampp\\htdocs...')
#2 C:\xampp\htdocs\jssasu\system\View\View.php(222): CodeIgniter\View\View->CodeIgniter\View\{closure}()
#3 C:\xampp\htdocs\jssasu\system\Common.php(1217): CodeIgniter\View\View->render('auth/siswa/edit', Array, true)
#4 C:\xampp\htdocs\jssasu\app\Controllers\Pendidikan.php(206): view('auth/siswa/edit', Array)
#5 C:\xampp\htdocs\jssasu\system\CodeIgniter.php(936): App\Controllers\Pendidikan->formedit()
#6 C:\xampp\htdocs\jssasu\system\CodeIgniter.php(432): CodeIgniter\CodeIgniter->runController(Object(App\Controllers\Pendidikan))
#7 C:\xampp\htdocs\jssasu\system\CodeIgniter.php(333): CodeIgniter\CodeIgniter->handleRequest(NULL, Object(Config\Cache), false)
#8 C:\xampp\htdocs\jssasu\public\index.php(45): CodeIgniter\CodeIgniter->run()
#9 C:\xampp\htdocs\jssasu\system\Commands\Server\rewrite.php(45): require_once('C:\\xampp\\htdocs...')
#10 {main}
CRITICAL - 2021-04-24 05:40:06 --> Undefined property: App\Controllers\Umum::$umum
#0 C:\xampp\htdocs\jssasu\app\Controllers\Umum.php(25): CodeIgniter\Debug\Exceptions->errorHandler(2, 'Undefined prope...', 'C:\\xampp\\htdocs...', 25)
#1 C:\xampp\htdocs\jssasu\system\CodeIgniter.php(936): App\Controllers\Umum->getdata()
#2 C:\xampp\htdocs\jssasu\system\CodeIgniter.php(432): CodeIgniter\CodeIgniter->runController(Object(App\Controllers\Umum))
#3 C:\xampp\htdocs\jssasu\system\CodeIgniter.php(333): CodeIgniter\CodeIgniter->handleRequest(NULL, Object(Config\Cache), false)
#4 C:\xampp\htdocs\jssasu\public\index.php(45): CodeIgniter\CodeIgniter->run()
#5 C:\xampp\htdocs\jssasu\system\Commands\Server\rewrite.php(45): require_once('C:\\xampp\\htdocs...')
#6 {main}
CRITICAL - 2021-04-24 05:40:18 --> Undefined property: App\Controllers\Umum::$umum
#0 C:\xampp\htdocs\jssasu\app\Controllers\Umum.php(25): CodeIgniter\Debug\Exceptions->errorHandler(2, 'Undefined prope...', 'C:\\xampp\\htdocs...', 25)
#1 C:\xampp\htdocs\jssasu\system\CodeIgniter.php(936): App\Controllers\Umum->getdata()
#2 C:\xampp\htdocs\jssasu\system\CodeIgniter.php(432): CodeIgniter\CodeIgniter->runController(Object(App\Controllers\Umum))
#3 C:\xampp\htdocs\jssasu\system\CodeIgniter.php(333): CodeIgniter\CodeIgniter->handleRequest(NULL, Object(Config\Cache), false)
#4 C:\xampp\htdocs\jssasu\public\index.php(45): CodeIgniter\CodeIgniter->run()
#5 C:\xampp\htdocs\jssasu\system\Commands\Server\rewrite.php(45): require_once('C:\\xampp\\htdocs...')
#6 {main}
CRITICAL - 2021-04-24 05:41:02 --> Undefined property: App\Controllers\Umum::$umum
#0 C:\xampp\htdocs\jssasu\app\Controllers\Umum.php(25): CodeIgniter\Debug\Exceptions->errorHandler(2, 'Undefined prope...', 'C:\\xampp\\htdocs...', 25)
#1 C:\xampp\htdocs\jssasu\system\CodeIgniter.php(936): App\Controllers\Umum->getdata()
#2 C:\xampp\htdocs\jssasu\system\CodeIgniter.php(432): CodeIgniter\CodeIgniter->runController(Object(App\Controllers\Umum))
#3 C:\xampp\htdocs\jssasu\system\CodeIgniter.php(333): CodeIgniter\CodeIgniter->handleRequest(NULL, Object(Config\Cache), false)
#4 C:\xampp\htdocs\jssasu\public\index.php(45): CodeIgniter\CodeIgniter->run()
#5 C:\xampp\htdocs\jssasu\system\Commands\Server\rewrite.php(45): require_once('C:\\xampp\\htdocs...')
#6 {main}
CRITICAL - 2021-04-24 05:41:37 --> Undefined property: App\Controllers\Umum::$umum
#0 C:\xampp\htdocs\jssasu\app\Controllers\Umum.php(25): CodeIgniter\Debug\Exceptions->errorHandler(2, 'Undefined prope...', 'C:\\xampp\\htdocs...', 25)
#1 C:\xampp\htdocs\jssasu\system\CodeIgniter.php(936): App\Controllers\Umum->getdata()
#2 C:\xampp\htdocs\jssasu\system\CodeIgniter.php(432): CodeIgniter\CodeIgniter->runController(Object(App\Controllers\Umum))
#3 C:\xampp\htdocs\jssasu\system\CodeIgniter.php(333): CodeIgniter\CodeIgniter->handleRequest(NULL, Object(Config\Cache), false)
#4 C:\xampp\htdocs\jssasu\public\index.php(45): CodeIgniter\CodeIgniter->run()
#5 C:\xampp\htdocs\jssasu\system\Commands\Server\rewrite.php(45): require_once('C:\\xampp\\htdocs...')
#6 {main}
CRITICAL - 2021-04-24 05:41:50 --> Undefined property: App\Controllers\Umum::$umum
#0 C:\xampp\htdocs\jssasu\app\Controllers\Umum.php(25): CodeIgniter\Debug\Exceptions->errorHandler(2, 'Undefined prope...', 'C:\\xampp\\htdocs...', 25)
#1 C:\xampp\htdocs\jssasu\system\CodeIgniter.php(936): App\Controllers\Umum->getdata()
#2 C:\xampp\htdocs\jssasu\system\CodeIgniter.php(432): CodeIgniter\CodeIgniter->runController(Object(App\Controllers\Umum))
#3 C:\xampp\htdocs\jssasu\system\CodeIgniter.php(333): CodeIgniter\CodeIgniter->handleRequest(NULL, Object(Config\Cache), false)
#4 C:\xampp\htdocs\jssasu\public\index.php(45): CodeIgniter\CodeIgniter->run()
#5 C:\xampp\htdocs\jssasu\system\Commands\Server\rewrite.php(45): require_once('C:\\xampp\\htdocs...')
#6 {main}
CRITICAL - 2021-04-24 21:11:24 --> Class "App\Models\Modelkesehatan" not found
#0 C:\xampp\htdocs\jssasu\system\CodeIgniter.php(909): App\Controllers\BaseController->initController(Object(CodeIgniter\HTTP\IncomingRequest), Object(CodeIgniter\HTTP\Response), Object(CodeIgniter\Log\Logger))
#1 C:\xampp\htdocs\jssasu\system\CodeIgniter.php(422): CodeIgniter\CodeIgniter->createController()
#2 C:\xampp\htdocs\jssasu\system\CodeIgniter.php(333): CodeIgniter\CodeIgniter->handleRequest(NULL, Object(Config\Cache), false)
#3 C:\xampp\htdocs\jssasu\public\index.php(45): CodeIgniter\CodeIgniter->run()
#4 C:\xampp\htdocs\jssasu\system\Commands\Server\rewrite.php(45): require_once('C:\\xampp\\htdocs...')
#5 {main}
CRITICAL - 2021-04-24 21:42:07 --> Table 'jss.kesehatan' doesn't exist
#0 C:\xampp\htdocs\jssasu\system\Database\MySQLi\Connection.php(314): mysqli->query('SELECT *\nFROM `...')
#1 C:\xampp\htdocs\jssasu\system\Database\BaseConnection.php(713): CodeIgniter\Database\MySQLi\Connection->execute('SELECT *\nFROM `...')
#2 C:\xampp\htdocs\jssasu\system\Database\BaseConnection.php(641): CodeIgniter\Database\BaseConnection->simpleQuery('SELECT *\nFROM `...')
#3 C:\xampp\htdocs\jssasu\system\Database\BaseBuilder.php(1866): CodeIgniter\Database\BaseConnection->query('SELECT *\nFROM `...', Array, false)
#4 C:\xampp\htdocs\jssasu\system\Model.php(836): CodeIgniter\Database\BaseBuilder->get()
#5 C:\xampp\htdocs\jssasu\app\Models\Modelkesehatan.php(74): CodeIgniter\Model->__call('get', Array)
#6 C:\xampp\htdocs\jssasu\app\Controllers\Kesehatan.php(25): App\Models\Modelkesehatan->list()
#7 C:\xampp\htdocs\jssasu\system\CodeIgniter.php(936): App\Controllers\Kesehatan->getdata()
#8 C:\xampp\htdocs\jssasu\system\CodeIgniter.php(432): CodeIgniter\CodeIgniter->runController(Object(App\Controllers\Kesehatan))
#9 C:\xampp\htdocs\jssasu\system\CodeIgniter.php(333): CodeIgniter\CodeIgniter->handleRequest(NULL, Object(Config\Cache), false)
#10 C:\xampp\htdocs\jssasu\public\index.php(45): CodeIgniter\CodeIgniter->run()
#11 C:\xampp\htdocs\jssasu\system\Commands\Server\rewrite.php(45): require_once('C:\\xampp\\htdocs...')
#12 {main}
CRITICAL - 2021-04-24 21:42:31 --> Table 'jss.kesehatan' doesn't exist
#0 C:\xampp\htdocs\jssasu\system\Database\MySQLi\Connection.php(314): mysqli->query('SELECT *\nFROM `...')
#1 C:\xampp\htdocs\jssasu\system\Database\BaseConnection.php(713): CodeIgniter\Database\MySQLi\Connection->execute('SELECT *\nFROM `...')
#2 C:\xampp\htdocs\jssasu\system\Database\BaseConnection.php(641): CodeIgniter\Database\BaseConnection->simpleQuery('SELECT *\nFROM `...')
#3 C:\xampp\htdocs\jssasu\system\Database\BaseBuilder.php(1866): CodeIgniter\Database\BaseConnection->query('SELECT *\nFROM `...', Array, false)
#4 C:\xampp\htdocs\jssasu\system\Model.php(836): CodeIgniter\Database\BaseBuilder->get()
#5 C:\xampp\htdocs\jssasu\app\Models\Modelkesehatan.php(74): CodeIgniter\Model->__call('get', Array)
#6 C:\xampp\htdocs\jssasu\app\Controllers\Kesehatan.php(25): App\Models\Modelkesehatan->list()
#7 C:\xampp\htdocs\jssasu\system\CodeIgniter.php(936): App\Controllers\Kesehatan->getdata()
#8 C:\xampp\htdocs\jssasu\system\CodeIgniter.php(432): CodeIgniter\CodeIgniter->runController(Object(App\Controllers\Kesehatan))
#9 C:\xampp\htdocs\jssasu\system\CodeIgniter.php(333): CodeIgniter\CodeIgniter->handleRequest(NULL, Object(Config\Cache), false)
#10 C:\xampp\htdocs\jssasu\public\index.php(45): CodeIgniter\CodeIgniter->run()
#11 C:\xampp\htdocs\jssasu\system\Commands\Server\rewrite.php(45): require_once('C:\\xampp\\htdocs...')
#12 {main}
