CRITICAL - 2021-04-22 23:17:50 --> The framework needs the following extension(s) installed and loaded: GD.
#0 C:\Users\vakba\Music\jssasu\system\Images\Handlers\GDHandler.php(36): CodeIgniter\Exceptions\FrameworkException::forMissingExtension('GD')
#1 C:\Users\vakba\Music\jssasu\system\Config\Services.php(356): CodeIgniter\Images\Handlers\GDHandler->__construct(Object(Config\Images))
#2 C:\Users\vakba\Music\jssasu\system\Config\BaseService.php(100): CodeIgniter\Config\Services::image('gd', Object(Config\Images), false)
#3 C:\Users\vakba\Music\jssasu\system\Config\Services.php(349): CodeIgniter\Config\BaseService::getSharedInstance('image', NULL, NULL)
#4 C:\Users\vakba\Music\jssasu\app\Controllers\Konfigurasi.php(197): CodeIgniter\Config\Services::image()
#5 C:\Users\vakba\Music\jssasu\system\CodeIgniter.php(936): App\Controllers\Konfigurasi->douploadlogo()
#6 C:\Users\vakba\Music\jssasu\system\CodeIgniter.php(432): CodeIgniter\CodeIgniter->runController(Object(App\Controllers\Konfigurasi))
#7 C:\Users\vakba\Music\jssasu\system\CodeIgniter.php(333): CodeIgniter\CodeIgniter->handleRequest(NULL, Object(Config\Cache), false)
#8 C:\Users\vakba\Music\jssasu\public\index.php(45): CodeIgniter\CodeIgniter->run()
#9 C:\Users\vakba\Music\jssasu\system\Commands\Server\rewrite.php(45): require_once('C:\\Users\\vakba\\...')
#10 {main}
CRITICAL - 2021-04-22 23:17:53 --> unlink(img/konfigurasi/logo/Neutral-512.png): No such file or directory
#0 [internal function]: CodeIgniter\Debug\Exceptions->errorHandler(2, 'unlink(img/konf...', 'C:\\Users\\vakba\\...', 185)
#1 C:\Users\vakba\Music\jssasu\app\Controllers\Konfigurasi.php(185): unlink('img/konfigurasi...')
#2 C:\Users\vakba\Music\jssasu\system\CodeIgniter.php(936): App\Controllers\Konfigurasi->douploadlogo()
#3 C:\Users\vakba\Music\jssasu\system\CodeIgniter.php(432): CodeIgniter\CodeIgniter->runController(Object(App\Controllers\Konfigurasi))
#4 C:\Users\vakba\Music\jssasu\system\CodeIgniter.php(333): CodeIgniter\CodeIgniter->handleRequest(NULL, Object(Config\Cache), false)
#5 C:\Users\vakba\Music\jssasu\public\index.php(45): CodeIgniter\CodeIgniter->run()
#6 C:\Users\vakba\Music\jssasu\system\Commands\Server\rewrite.php(45): require_once('C:\\Users\\vakba\\...')
#7 {main}
CRITICAL - 2021-04-22 23:18:02 --> The framework needs the following extension(s) installed and loaded: GD.
#0 C:\Users\vakba\Music\jssasu\system\Images\Handlers\GDHandler.php(36): CodeIgniter\Exceptions\FrameworkException::forMissingExtension('GD')
#1 C:\Users\vakba\Music\jssasu\system\Config\Services.php(356): CodeIgniter\Images\Handlers\GDHandler->__construct(Object(Config\Images))
#2 C:\Users\vakba\Music\jssasu\system\Config\BaseService.php(100): CodeIgniter\Config\Services::image('gd', Object(Config\Images), false)
#3 C:\Users\vakba\Music\jssasu\system\Config\Services.php(349): CodeIgniter\Config\BaseService::getSharedInstance('image', NULL, NULL)
#4 C:\Users\vakba\Music\jssasu\app\Controllers\Konfigurasi.php(269): CodeIgniter\Config\Services::image()
#5 C:\Users\vakba\Music\jssasu\system\CodeIgniter.php(936): App\Controllers\Konfigurasi->douploadicon()
#6 C:\Users\vakba\Music\jssasu\system\CodeIgniter.php(432): CodeIgniter\CodeIgniter->runController(Object(App\Controllers\Konfigurasi))
#7 C:\Users\vakba\Music\jssasu\system\CodeIgniter.php(333): CodeIgniter\CodeIgniter->handleRequest(NULL, Object(Config\Cache), false)
#8 C:\Users\vakba\Music\jssasu\public\index.php(45): CodeIgniter\CodeIgniter->run()
#9 C:\Users\vakba\Music\jssasu\system\Commands\Server\rewrite.php(45): require_once('C:\\Users\\vakba\\...')
#10 {main}
CRITICAL - 2021-04-22 23:18:30 --> unlink(img/konfigurasi/logo/Neutral-512.png): No such file or directory
#0 [internal function]: CodeIgniter\Debug\Exceptions->errorHandler(2, 'unlink(img/konf...', 'C:\\Users\\vakba\\...', 185)
#1 C:\Users\vakba\Music\jssasu\app\Controllers\Konfigurasi.php(185): unlink('img/konfigurasi...')
#2 C:\Users\vakba\Music\jssasu\system\CodeIgniter.php(936): App\Controllers\Konfigurasi->douploadlogo()
#3 C:\Users\vakba\Music\jssasu\system\CodeIgniter.php(432): CodeIgniter\CodeIgniter->runController(Object(App\Controllers\Konfigurasi))
#4 C:\Users\vakba\Music\jssasu\system\CodeIgniter.php(333): CodeIgniter\CodeIgniter->handleRequest(NULL, Object(Config\Cache), false)
#5 C:\Users\vakba\Music\jssasu\public\index.php(45): CodeIgniter\CodeIgniter->run()
#6 C:\Users\vakba\Music\jssasu\system\Commands\Server\rewrite.php(45): require_once('C:\\Users\\vakba\\...')
#7 {main}
CRITICAL - 2021-04-22 23:18:52 --> unlink(img/konfigurasi/icon/Neutral-512.png): No such file or directory
#0 [internal function]: CodeIgniter\Debug\Exceptions->errorHandler(2, 'unlink(img/konf...', 'C:\\Users\\vakba\\...', 257)
#1 C:\Users\vakba\Music\jssasu\app\Controllers\Konfigurasi.php(257): unlink('img/konfigurasi...')
#2 C:\Users\vakba\Music\jssasu\system\CodeIgniter.php(936): App\Controllers\Konfigurasi->douploadicon()
#3 C:\Users\vakba\Music\jssasu\system\CodeIgniter.php(432): CodeIgniter\CodeIgniter->runController(Object(App\Controllers\Konfigurasi))
#4 C:\Users\vakba\Music\jssasu\system\CodeIgniter.php(333): CodeIgniter\CodeIgniter->handleRequest(NULL, Object(Config\Cache), false)
#5 C:\Users\vakba\Music\jssasu\public\index.php(45): CodeIgniter\CodeIgniter->run()
#6 C:\Users\vakba\Music\jssasu\system\Commands\Server\rewrite.php(45): require_once('C:\\Users\\vakba\\...')
#7 {main}
CRITICAL - 2021-04-22 23:19:36 --> unlink(img/konfigurasi/logo/Neutral-512.png): No such file or directory
#0 [internal function]: CodeIgniter\Debug\Exceptions->errorHandler(2, 'unlink(img/konf...', 'C:\\Users\\vakba\\...', 185)
#1 C:\Users\vakba\Music\jssasu\app\Controllers\Konfigurasi.php(185): unlink('img/konfigurasi...')
#2 C:\Users\vakba\Music\jssasu\system\CodeIgniter.php(936): App\Controllers\Konfigurasi->douploadlogo()
#3 C:\Users\vakba\Music\jssasu\system\CodeIgniter.php(432): CodeIgniter\CodeIgniter->runController(Object(App\Controllers\Konfigurasi))
#4 C:\Users\vakba\Music\jssasu\system\CodeIgniter.php(333): CodeIgniter\CodeIgniter->handleRequest(NULL, Object(Config\Cache), false)
#5 C:\Users\vakba\Music\jssasu\public\index.php(45): CodeIgniter\CodeIgniter->run()
#6 C:\Users\vakba\Music\jssasu\system\Commands\Server\rewrite.php(45): require_once('C:\\Users\\vakba\\...')
#7 {main}
CRITICAL - 2021-04-22 23:19:37 --> unlink(img/konfigurasi/logo/Neutral-512.png): No such file or directory
#0 [internal function]: CodeIgniter\Debug\Exceptions->errorHandler(2, 'unlink(img/konf...', 'C:\\Users\\vakba\\...', 185)
#1 C:\Users\vakba\Music\jssasu\app\Controllers\Konfigurasi.php(185): unlink('img/konfigurasi...')
#2 C:\Users\vakba\Music\jssasu\system\CodeIgniter.php(936): App\Controllers\Konfigurasi->douploadlogo()
#3 C:\Users\vakba\Music\jssasu\system\CodeIgniter.php(432): CodeIgniter\CodeIgniter->runController(Object(App\Controllers\Konfigurasi))
#4 C:\Users\vakba\Music\jssasu\system\CodeIgniter.php(333): CodeIgniter\CodeIgniter->handleRequest(NULL, Object(Config\Cache), false)
#5 C:\Users\vakba\Music\jssasu\public\index.php(45): CodeIgniter\CodeIgniter->run()
#6 C:\Users\vakba\Music\jssasu\system\Commands\Server\rewrite.php(45): require_once('C:\\Users\\vakba\\...')
#7 {main}
CRITICAL - 2021-04-22 23:20:27 --> unlink(img/konfigurasi/logo/Neutral-512.png): No such file or directory
#0 [internal function]: CodeIgniter\Debug\Exceptions->errorHandler(2, 'unlink(img/konf...', 'C:\\Users\\vakba\\...', 185)
#1 C:\Users\vakba\Music\jssasu\app\Controllers\Konfigurasi.php(185): unlink('img/konfigurasi...')
#2 C:\Users\vakba\Music\jssasu\system\CodeIgniter.php(936): App\Controllers\Konfigurasi->douploadlogo()
#3 C:\Users\vakba\Music\jssasu\system\CodeIgniter.php(432): CodeIgniter\CodeIgniter->runController(Object(App\Controllers\Konfigurasi))
#4 C:\Users\vakba\Music\jssasu\system\CodeIgniter.php(333): CodeIgniter\CodeIgniter->handleRequest(NULL, Object(Config\Cache), false)
#5 C:\Users\vakba\Music\jssasu\public\index.php(45): CodeIgniter\CodeIgniter->run()
#6 C:\Users\vakba\Music\jssasu\system\Commands\Server\rewrite.php(45): require_once('C:\\Users\\vakba\\...')
#7 {main}
CRITICAL - 2021-04-22 23:22:56 --> unlink(img/konfigurasi/logo/Neutral-512.png): No such file or directory
#0 [internal function]: CodeIgniter\Debug\Exceptions->errorHandler(2, 'unlink(img/konf...', 'C:\\Users\\vakba\\...', 185)
#1 C:\Users\vakba\Music\jssasu\app\Controllers\Konfigurasi.php(185): unlink('img/konfigurasi...')
#2 C:\Users\vakba\Music\jssasu\system\CodeIgniter.php(936): App\Controllers\Konfigurasi->douploadlogo()
#3 C:\Users\vakba\Music\jssasu\system\CodeIgniter.php(432): CodeIgniter\CodeIgniter->runController(Object(App\Controllers\Konfigurasi))
#4 C:\Users\vakba\Music\jssasu\system\CodeIgniter.php(333): CodeIgniter\CodeIgniter->handleRequest(NULL, Object(Config\Cache), false)
#5 C:\Users\vakba\Music\jssasu\public\index.php(45): CodeIgniter\CodeIgniter->run()
#6 C:\Users\vakba\Music\jssasu\system\Commands\Server\rewrite.php(45): require_once('C:\\Users\\vakba\\...')
#7 {main}
CRITICAL - 2021-04-22 23:23:08 --> unlink(img/konfigurasi/icon/Neutral-512.png): No such file or directory
#0 [internal function]: CodeIgniter\Debug\Exceptions->errorHandler(2, 'unlink(img/konf...', 'C:\\Users\\vakba\\...', 257)
#1 C:\Users\vakba\Music\jssasu\app\Controllers\Konfigurasi.php(257): unlink('img/konfigurasi...')
#2 C:\Users\vakba\Music\jssasu\system\CodeIgniter.php(936): App\Controllers\Konfigurasi->douploadicon()
#3 C:\Users\vakba\Music\jssasu\system\CodeIgniter.php(432): CodeIgniter\CodeIgniter->runController(Object(App\Controllers\Konfigurasi))
#4 C:\Users\vakba\Music\jssasu\system\CodeIgniter.php(333): CodeIgniter\CodeIgniter->handleRequest(NULL, Object(Config\Cache), false)
#5 C:\Users\vakba\Music\jssasu\public\index.php(45): CodeIgniter\CodeIgniter->run()
#6 C:\Users\vakba\Music\jssasu\system\Commands\Server\rewrite.php(45): require_once('C:\\Users\\vakba\\...')
#7 {main}
CRITICAL - 2021-04-22 23:24:44 --> The framework needs the following extension(s) installed and loaded: GD.
#0 C:\Users\vakba\Music\jssasu\system\Images\Handlers\GDHandler.php(36): CodeIgniter\Exceptions\FrameworkException::forMissingExtension('GD')
#1 C:\Users\vakba\Music\jssasu\system\Config\Services.php(356): CodeIgniter\Images\Handlers\GDHandler->__construct(Object(Config\Images))
#2 C:\Users\vakba\Music\jssasu\system\Config\BaseService.php(100): CodeIgniter\Config\Services::image('gd', Object(Config\Images), false)
#3 C:\Users\vakba\Music\jssasu\system\Config\Services.php(349): CodeIgniter\Config\BaseService::getSharedInstance('image', NULL, NULL)
#4 C:\Users\vakba\Music\jssasu\app\Controllers\Staf.php(356): CodeIgniter\Config\Services::image()
#5 C:\Users\vakba\Music\jssasu\system\CodeIgniter.php(936): App\Controllers\Staf->doupload()
#6 C:\Users\vakba\Music\jssasu\system\CodeIgniter.php(432): CodeIgniter\CodeIgniter->runController(Object(App\Controllers\Staf))
#7 C:\Users\vakba\Music\jssasu\system\CodeIgniter.php(333): CodeIgniter\CodeIgniter->handleRequest(NULL, Object(Config\Cache), false)
#8 C:\Users\vakba\Music\jssasu\public\index.php(45): CodeIgniter\CodeIgniter->run()
#9 C:\Users\vakba\Music\jssasu\system\Commands\Server\rewrite.php(45): require_once('C:\\Users\\vakba\\...')
#10 {main}
CRITICAL - 2021-04-22 23:24:46 --> unlink(img/staf/baruno-spec-ind-768x642.png): No such file or directory
#0 [internal function]: CodeIgniter\Debug\Exceptions->errorHandler(2, 'unlink(img/staf...', 'C:\\Users\\vakba\\...', 344)
#1 C:\Users\vakba\Music\jssasu\app\Controllers\Staf.php(344): unlink('img/staf/baruno...')
#2 C:\Users\vakba\Music\jssasu\system\CodeIgniter.php(936): App\Controllers\Staf->doupload()
#3 C:\Users\vakba\Music\jssasu\system\CodeIgniter.php(432): CodeIgniter\CodeIgniter->runController(Object(App\Controllers\Staf))
#4 C:\Users\vakba\Music\jssasu\system\CodeIgniter.php(333): CodeIgniter\CodeIgniter->handleRequest(NULL, Object(Config\Cache), false)
#5 C:\Users\vakba\Music\jssasu\public\index.php(45): CodeIgniter\CodeIgniter->run()
#6 C:\Users\vakba\Music\jssasu\system\Commands\Server\rewrite.php(45): require_once('C:\\Users\\vakba\\...')
#7 {main}
CRITICAL - 2021-04-22 23:26:34 --> unlink(img/staf/baruno-spec-ind-768x642.png): No such file or directory
#0 [internal function]: CodeIgniter\Debug\Exceptions->errorHandler(2, 'unlink(img/staf...', 'C:\\Users\\vakba\\...', 344)
#1 C:\Users\vakba\Music\jssasu\app\Controllers\Staf.php(344): unlink('img/staf/baruno...')
#2 C:\Users\vakba\Music\jssasu\system\CodeIgniter.php(936): App\Controllers\Staf->doupload()
#3 C:\Users\vakba\Music\jssasu\system\CodeIgniter.php(432): CodeIgniter\CodeIgniter->runController(Object(App\Controllers\Staf))
#4 C:\Users\vakba\Music\jssasu\system\CodeIgniter.php(333): CodeIgniter\CodeIgniter->handleRequest(NULL, Object(Config\Cache), false)
#5 C:\Users\vakba\Music\jssasu\public\index.php(45): CodeIgniter\CodeIgniter->run()
#6 C:\Users\vakba\Music\jssasu\system\Commands\Server\rewrite.php(45): require_once('C:\\Users\\vakba\\...')
#7 {main}
